<?xml version="1.0" encoding="utf-8"?>
<CoverageSession xmlns:xsd="http://www.w3.org/2001/XMLSchema" xmlns:xsi="http://www.w3.org/2001/XMLSchema-instance">
  <Summary numSequencePoints="1154" visitedSequencePoints="0" numBranchPoints="236" visitedBranchPoints="0" sequenceCoverage="0" branchCoverage="0" maxCyclomaticComplexity="17" minCyclomaticComplexity="1" visitedClasses="0" numClasses="75" visitedMethods="0" numMethods="230" />
  <Modules>
    <Module skippedDueTo="Filter" hash="F2-6A-AC-B8-C5-F9-9E-8D-B4-D7-6D-60-9E-83-94-CE-B5-8C-9D-A0">
      <ModulePath>C:\WINDOWS\Microsoft.Net\assembly\GAC_64\mscorlib\v4.0_4.0.0.0__b77a5c561934e089\mscorlib.dll</ModulePath>
      <ModuleTime>2018-09-11T01:23:35.0015265Z</ModuleTime>
      <ModuleName>mscorlib</ModuleName>
      <Classes />
    </Module>
    <Module skippedDueTo="MissingPdb" hash="49-6D-42-03-C6-53-6E-72-1F-76-78-AB-9F-52-DB-CC-3D-43-28-41">
      <ModulePath>C:\projects\arg-parser\ArgParser\packages\xunit.runner.console.2.4.1\tools\net472\xunit.console.exe</ModulePath>
      <ModuleTime>2018-10-29T11:17:04Z</ModuleTime>
      <ModuleName>xunit.console</ModuleName>
      <Classes />
    </Module>
    <Module skippedDueTo="MissingPdb" hash="6B-4D-36-1F-A8-F2-1F-05-F8-C9-A8-71-E2-90-17-07-CC-68-12-DB">
      <ModulePath>C:\projects\arg-parser\ArgParser\packages\xunit.runner.console.2.4.1\tools\net472\xunit.abstractions.dll</ModulePath>
      <ModuleTime>2018-10-29T11:17:04Z</ModuleTime>
      <ModuleName>xunit.abstractions</ModuleName>
      <Classes />
    </Module>
    <Module skippedDueTo="Filter" hash="D8-D0-AA-44-01-A4-68-06-BB-05-E0-D9-50-C0-0E-34-3C-7C-4B-7C">
      <ModulePath>C:\WINDOWS\Microsoft.Net\assembly\GAC_MSIL\System.Core\v4.0_4.0.0.0__b77a5c561934e089\System.Core.dll</ModulePath>
      <ModuleTime>2018-09-11T01:30:33.1251512Z</ModuleTime>
      <ModuleName>System.Core</ModuleName>
      <Classes />
    </Module>
    <Module skippedDueTo="MissingPdb" hash="A5-B7-BC-42-9C-AA-2C-7A-42-E2-43-5A-2F-7B-F3-B2-00-B1-CB-E6">
      <ModulePath>C:\projects\arg-parser\ArgParser\packages\xunit.runner.console.2.4.1\tools\net472\xunit.runner.utility.net452.dll</ModulePath>
      <ModuleTime>2018-10-29T11:17:04Z</ModuleTime>
      <ModuleName>xunit.runner.utility.net452</ModuleName>
      <Classes />
    </Module>
    <Module skippedDueTo="Filter" hash="BA-D5-C6-DC-0C-59-DA-6B-C8-40-22-29-40-86-10-C6-40-6D-57-E5">
      <ModulePath>C:\WINDOWS\Microsoft.Net\assembly\GAC_MSIL\System\v4.0_4.0.0.0__b77a5c561934e089\System.dll</ModulePath>
      <ModuleTime>2018-08-14T02:15:16.7427109Z</ModuleTime>
      <ModuleName>System</ModuleName>
      <Classes />
    </Module>
    <Module skippedDueTo="Filter" hash="EE-87-E3-8B-35-D7-7B-51-75-59-60-AC-9C-42-7D-75-33-40-43-72">
      <ModulePath>C:\WINDOWS\Microsoft.Net\assembly\GAC_MSIL\System.Xml.Linq\v4.0_4.0.0.0__b77a5c561934e089\System.Xml.Linq.dll</ModulePath>
      <ModuleTime>2018-04-11T23:35:18.3885028Z</ModuleTime>
      <ModuleName>System.Xml.Linq</ModuleName>
      <Classes />
    </Module>
    <Module skippedDueTo="Filter" hash="F2-26-5B-FA-55-E9-5B-BC-DD-3A-32-56-2C-38-71-11-1A-8E-6D-32">
      <ModulePath>C:\WINDOWS\Microsoft.Net\assembly\GAC_MSIL\System.Xml\v4.0_4.0.0.0__b77a5c561934e089\System.Xml.dll</ModulePath>
      <ModuleTime>2018-04-11T23:35:17.0290261Z</ModuleTime>
      <ModuleName>System.Xml</ModuleName>
      <Classes />
    </Module>
    <Module skippedDueTo="MissingPdb" hash="92-46-BD-71-5B-AA-F1-B5-B3-9B-4C-F6-6A-4F-91-D5-32-37-5C-74">
      <ModulePath>C:\projects\arg-parser\ArgParser\packages\xunit.runner.console.2.4.1\tools\net472\xunit.runner.reporters.net452.dll</ModulePath>
      <ModuleTime>2018-10-29T11:17:04Z</ModuleTime>
      <ModuleName>xunit.runner.reporters.net452</ModuleName>
      <Classes />
    </Module>
    <Module skippedDueTo="Filter" hash="19-6F-A5-C6-C2-4E-32-27-A2-D0-61-D8-30-02-1D-0F-63-C0-78-46">
      <ModulePath>C:\WINDOWS\Microsoft.Net\assembly\GAC_MSIL\System.Net.Http\v4.0_4.0.0.0__b03f5f7f11d50a3a\System.Net.Http.dll</ModulePath>
      <ModuleTime>2018-04-11T23:35:18.1697369Z</ModuleTime>
      <ModuleName>System.Net.Http</ModuleName>
      <Classes />
    </Module>
    <Module skippedDueTo="Filter" hash="5D-11-B3-06-06-08-5F-E2-66-89-AE-C6-ED-96-26-D1-36-92-44-EF">
      <ModulePath>C:\WINDOWS\Microsoft.Net\assembly\GAC_64\System.Web\v4.0_4.0.0.0__b03f5f7f11d50a3a\System.Web.dll</ModulePath>
      <ModuleTime>2018-07-11T01:18:57.946378Z</ModuleTime>
      <ModuleName>System.Web</ModuleName>
      <Classes />
    </Module>
    <Module skippedDueTo="Filter" hash="2A-F4-1C-14-5D-7A-74-B3-03-8B-1D-2A-59-DC-B6-BE-1D-C8-EF-54">
      <ModulePath>C:\WINDOWS\Microsoft.Net\assembly\GAC_MSIL\System.Configuration\v4.0_4.0.0.0__b03f5f7f11d50a3a\System.Configuration.dll</ModulePath>
      <ModuleTime>2018-04-11T23:35:16.9508953Z</ModuleTime>
      <ModuleName>System.Configuration</ModuleName>
      <Classes />
    </Module>
    <Module skippedDueTo="MissingPdb" hash="A5-B7-BC-42-9C-AA-2C-7A-42-E2-43-5A-2F-7B-F3-B2-00-B1-CB-E6">
      <ModulePath>C:\Users\master\AppData\Local\Temp\7f74285f-9391-4211-8025-6b8bc7cf2c9e\7f74285f-9391-4211-8025-6b8bc7cf2c9e\assembly\dl3\7dfca299\00b898eb_786fd401\xunit.runner.utility.net452.dll</ModulePath>
      <ModuleTime>2018-11-18T23:14:01.0688187Z</ModuleTime>
      <ModuleName>xunit.runner.utility.net452</ModuleName>
      <Classes />
    </Module>
    <Module skippedDueTo="Filter" hash="D8-D0-AA-44-01-A4-68-06-BB-05-E0-D9-50-C0-0E-34-3C-7C-4B-7C">
      <ModulePath>C:\WINDOWS\Microsoft.Net\assembly\GAC_MSIL\System.Core\v4.0_4.0.0.0__b77a5c561934e089\System.Core.dll</ModulePath>
      <ModuleTime>2018-09-11T01:30:33.1251512Z</ModuleTime>
      <ModuleName>System.Core</ModuleName>
      <Classes />
    </Module>
    <Module skippedDueTo="Filter" hash="BA-D5-C6-DC-0C-59-DA-6B-C8-40-22-29-40-86-10-C6-40-6D-57-E5">
      <ModulePath>C:\WINDOWS\Microsoft.Net\assembly\GAC_MSIL\System\v4.0_4.0.0.0__b77a5c561934e089\System.dll</ModulePath>
      <ModuleTime>2018-08-14T02:15:16.7427109Z</ModuleTime>
      <ModuleName>System</ModuleName>
      <Classes />
    </Module>
    <Module skippedDueTo="MissingPdb" hash="">
      <ModulePath>RefEmit_InMemoryManifestModule</ModulePath>
      <ModuleTime>0001-01-01T00:00:00</ModuleTime>
      <ModuleName>Anonymously Hosted DynamicMethods Assembly</ModuleName>
      <Classes />
    </Module>
    <Module hash="92-47-28-16-EC-12-7B-BE-1E-83-E6-E5-20-21-27-13-C2-FC-E3-FC">
      <Summary numSequencePoints="357" visitedSequencePoints="0" numBranchPoints="54" visitedBranchPoints="0" sequenceCoverage="0" branchCoverage="0" maxCyclomaticComplexity="3" minCyclomaticComplexity="1" visitedClasses="0" numClasses="21" visitedMethods="0" numMethods="54" />
      <ModulePath>C:\projects\arg-parser\ArgParser\ArgParser.Core.Test\bin\Debug\ArgParser.Core.Test.dll</ModulePath>
      <ModuleTime>2018-11-18T22:56:03.0871909Z</ModuleTime>
      <ModuleName>ArgParser.Core.Test</ModuleName>
      <Files>
        <File uid="1" fullPath="C:\projects\arg-parser\ArgParser\ArgParser.Core.Test\BasicExtensions_Should.cs" />
        <File uid="5" fullPath="C:\projects\arg-parser\ArgParser\ArgParser.Core.Test\ConsumptionRequestExtensions_Should.cs" />
        <File uid="9" fullPath="C:\projects\arg-parser\ArgParser\ArgParser.Core.Test\ContextExtensions_Should.cs" />
        <File uid="11" fullPath="C:\projects\arg-parser\ArgParser\ArgParser.Core.Test\FullHelp_Should.cs" />
        <File uid="13" fullPath="C:\projects\arg-parser\ArgParser\ArgParser.Core.Test\IterationInfoExtensions_Should.cs" />
        <File uid="17" fullPath="C:\projects\arg-parser\ArgParser\ArgParser.Core.Test\IterationInfo_Should.cs" />
        <File uid="19" fullPath="C:\projects\arg-parser\ArgParser\ArgParser.Core.Test\ParseException_Should.cs" />
        <File uid="20" fullPath="C:\projects\arg-parser\ArgParser\ArgParser.Core.Test\Parser_Should.cs" />
      </Files>
      <Classes>
        <Class>
          <Summary numSequencePoints="0" visitedSequencePoints="0" numBranchPoints="0" visitedBranchPoints="0" sequenceCoverage="0" branchCoverage="0" maxCyclomaticComplexity="0" minCyclomaticComplexity="0" visitedClasses="0" numClasses="0" visitedMethods="0" numMethods="0" />
          <FullName>&lt;Module&gt;</FullName>
          <Methods />
        </Class>
        <Class>
          <Summary numSequencePoints="47" visitedSequencePoints="0" numBranchPoints="7" visitedBranchPoints="0" sequenceCoverage="0" branchCoverage="0" maxCyclomaticComplexity="1" minCyclomaticComplexity="1" visitedClasses="0" numClasses="1" visitedMethods="0" numMethods="7" />
          <FullName>ArgParser.Core.Test.BasicExtensions_Should</FullName>
          <Methods>
            <Method visited="false" cyclomaticComplexity="1" nPathComplexity="0" sequenceCoverage="0" branchCoverage="0" isConstructor="false" isStatic="false" isGetter="false" isSetter="false">
              <Summary numSequencePoints="12" visitedSequencePoints="0" numBranchPoints="1" visitedBranchPoints="0" sequenceCoverage="0" branchCoverage="0" maxCyclomaticComplexity="1" minCyclomaticComplexity="1" visitedClasses="0" numClasses="0" visitedMethods="0" numMethods="1" />
              <MetadataToken>100663297</MetadataToken>
              <Name>System.Void ArgParser.Core.Test.BasicExtensions_Should::Convert_Generic_Actions_Into_NonGeneric_Actions()</Name>
              <FileRef uid="1" />
              <SequencePoints>
                <SequencePoint vc="0" uspid="1" ordinal="0" offset="6" sl="12" sc="9" el="12" ec="10" bec="0" bev="0" fileid="1" />
                <SequencePoint vc="0" uspid="2" ordinal="1" offset="7" sl="14" sc="13" el="14" ec="37" bec="0" bev="0" fileid="1" />
                <SequencePoint vc="0" uspid="3" ordinal="2" offset="14" sl="15" sc="13" el="15" ec="37" bec="0" bev="0" fileid="1" />
                <SequencePoint vc="0" uspid="4" ordinal="3" offset="21" sl="16" sc="13" el="16" ec="89" bec="0" bev="0" fileid="1" />
                <SequencePoint vc="0" uspid="5" ordinal="4" offset="34" sl="17" sc="13" el="17" ec="67" bec="0" bev="0" fileid="1" />
                <SequencePoint vc="0" uspid="6" ordinal="5" offset="47" sl="19" sc="13" el="19" ec="59" bec="0" bev="0" fileid="1" />
                <SequencePoint vc="0" uspid="7" ordinal="6" offset="54" sl="20" sc="13" el="20" ec="59" bec="0" bev="0" fileid="1" />
                <SequencePoint vc="0" uspid="8" ordinal="7" offset="62" sl="22" sc="13" el="22" ec="43" bec="0" bev="0" fileid="1" />
                <SequencePoint vc="0" uspid="9" ordinal="8" offset="80" sl="23" sc="13" el="23" ec="28" bec="0" bev="0" fileid="1" />
                <SequencePoint vc="0" uspid="10" ordinal="9" offset="93" sl="26" sc="13" el="26" ec="43" bec="0" bev="0" fileid="1" />
                <SequencePoint vc="0" uspid="11" ordinal="10" offset="120" sl="27" sc="13" el="27" ec="43" bec="0" bev="0" fileid="1" />
                <SequencePoint vc="0" uspid="12" ordinal="11" offset="147" sl="28" sc="9" el="28" ec="10" bec="0" bev="0" fileid="1" />
              </SequencePoints>
              <BranchPoints />
              <MethodPoint vc="0" uspid="13" ordinal="0" offset="0" />
            </Method>
            <Method visited="false" cyclomaticComplexity="1" nPathComplexity="0" sequenceCoverage="0" branchCoverage="0" isConstructor="false" isStatic="false" isGetter="false" isSetter="false">
              <Summary numSequencePoints="6" visitedSequencePoints="0" numBranchPoints="1" visitedBranchPoints="0" sequenceCoverage="0" branchCoverage="0" maxCyclomaticComplexity="1" minCyclomaticComplexity="1" visitedClasses="0" numClasses="0" visitedMethods="0" numMethods="1" />
              <MetadataToken>100663298</MetadataToken>
              <Name>System.Void ArgParser.Core.Test.BasicExtensions_Should::Identify_Null_Or_WhiteSpace_Strings()</Name>
              <FileRef uid="1" />
              <SequencePoints>
                <SequencePoint vc="0" uspid="14" ordinal="0" offset="0" sl="32" sc="9" el="32" ec="10" bec="0" bev="0" fileid="1" />
                <SequencePoint vc="0" uspid="15" ordinal="1" offset="1" sl="34" sc="13" el="34" ec="33" bec="0" bev="0" fileid="1" />
                <SequencePoint vc="0" uspid="16" ordinal="2" offset="3" sl="38" sc="13" el="38" ec="58" bec="0" bev="0" fileid="1" />
                <SequencePoint vc="0" uspid="17" ordinal="3" offset="30" sl="39" sc="13" el="39" ec="55" bec="0" bev="0" fileid="1" />
                <SequencePoint vc="0" uspid="18" ordinal="4" offset="61" sl="40" sc="13" el="40" ec="57" bec="0" bev="0" fileid="1" />
                <SequencePoint vc="0" uspid="19" ordinal="5" offset="92" sl="41" sc="9" el="41" ec="10" bec="0" bev="0" fileid="1" />
              </SequencePoints>
              <BranchPoints />
              <MethodPoint xsi:type="SequencePoint" vc="0" uspid="14" ordinal="0" offset="0" sl="32" sc="9" el="32" ec="10" bec="0" bev="0" fileid="1" />
            </Method>
            <Method visited="false" cyclomaticComplexity="1" nPathComplexity="0" sequenceCoverage="0" branchCoverage="0" isConstructor="false" isStatic="false" isGetter="false" isSetter="false">
              <Summary numSequencePoints="3" visitedSequencePoints="0" numBranchPoints="1" visitedBranchPoints="0" sequenceCoverage="0" branchCoverage="0" maxCyclomaticComplexity="1" minCyclomaticComplexity="1" visitedClasses="0" numClasses="0" visitedMethods="0" numMethods="1" />
              <MetadataToken>100663299</MetadataToken>
              <Name>System.Void ArgParser.Core.Test.BasicExtensions_Should::Join_All_Strings_Not_Null_Or_WhiteSpace()</Name>
              <FileRef uid="1" />
              <SequencePoints>
                <SequencePoint vc="0" uspid="20" ordinal="0" offset="0" sl="45" sc="9" el="45" ec="10" bec="0" bev="0" fileid="1" />
                <SequencePoint vc="0" uspid="21" ordinal="1" offset="1" sl="49" sc="13" el="49" ec="103" bec="0" bev="0" fileid="1" />
                <SequencePoint vc="0" uspid="22" ordinal="2" offset="67" sl="50" sc="9" el="50" ec="10" bec="0" bev="0" fileid="1" />
              </SequencePoints>
              <BranchPoints />
              <MethodPoint xsi:type="SequencePoint" vc="0" uspid="20" ordinal="0" offset="0" sl="45" sc="9" el="45" ec="10" bec="0" bev="0" fileid="1" />
            </Method>
            <Method visited="false" cyclomaticComplexity="1" nPathComplexity="0" sequenceCoverage="0" branchCoverage="0" isConstructor="false" isStatic="false" isGetter="false" isSetter="false">
              <Summary numSequencePoints="3" visitedSequencePoints="0" numBranchPoints="1" visitedBranchPoints="0" sequenceCoverage="0" branchCoverage="0" maxCyclomaticComplexity="1" minCyclomaticComplexity="1" visitedClasses="0" numClasses="0" visitedMethods="0" numMethods="1" />
              <MetadataToken>100663300</MetadataToken>
              <Name>System.Void ArgParser.Core.Test.BasicExtensions_Should::Join_Strings_On_A_Separator()</Name>
              <FileRef uid="1" />
              <SequencePoints>
                <SequencePoint vc="0" uspid="23" ordinal="0" offset="0" sl="54" sc="9" el="54" ec="10" bec="0" bev="0" fileid="1" />
                <SequencePoint vc="0" uspid="24" ordinal="1" offset="1" sl="58" sc="13" el="58" ec="66" bec="0" bev="0" fileid="1" />
                <SequencePoint vc="0" uspid="25" ordinal="2" offset="67" sl="59" sc="9" el="59" ec="10" bec="0" bev="0" fileid="1" />
              </SequencePoints>
              <BranchPoints />
              <MethodPoint xsi:type="SequencePoint" vc="0" uspid="23" ordinal="0" offset="0" sl="54" sc="9" el="54" ec="10" bec="0" bev="0" fileid="1" />
            </Method>
            <Method visited="false" cyclomaticComplexity="1" nPathComplexity="0" sequenceCoverage="0" branchCoverage="0" isConstructor="false" isStatic="false" isGetter="false" isSetter="false">
              <Summary numSequencePoints="4" visitedSequencePoints="0" numBranchPoints="1" visitedBranchPoints="0" sequenceCoverage="0" branchCoverage="0" maxCyclomaticComplexity="1" minCyclomaticComplexity="1" visitedClasses="0" numClasses="0" visitedMethods="0" numMethods="1" />
              <MetadataToken>100663301</MetadataToken>
              <Name>System.Void ArgParser.Core.Test.BasicExtensions_Should::Return_An_Empty_Enumerable_When_Preventing_Null()</Name>
              <FileRef uid="1" />
              <SequencePoints>
                <SequencePoint vc="0" uspid="26" ordinal="0" offset="0" sl="63" sc="9" el="63" ec="10" bec="0" bev="0" fileid="1" />
                <SequencePoint vc="0" uspid="27" ordinal="1" offset="1" sl="65" sc="13" el="65" ec="42" bec="0" bev="0" fileid="1" />
                <SequencePoint vc="0" uspid="28" ordinal="2" offset="3" sl="69" sc="13" el="69" ec="50" bec="0" bev="0" fileid="1" />
                <SequencePoint vc="0" uspid="29" ordinal="3" offset="30" sl="70" sc="9" el="70" ec="10" bec="0" bev="0" fileid="1" />
              </SequencePoints>
              <BranchPoints />
              <MethodPoint xsi:type="SequencePoint" vc="0" uspid="26" ordinal="0" offset="0" sl="63" sc="9" el="63" ec="10" bec="0" bev="0" fileid="1" />
            </Method>
            <Method visited="false" cyclomaticComplexity="1" nPathComplexity="0" sequenceCoverage="0" branchCoverage="0" isConstructor="false" isStatic="false" isGetter="false" isSetter="false">
              <Summary numSequencePoints="7" visitedSequencePoints="0" numBranchPoints="1" visitedBranchPoints="0" sequenceCoverage="0" branchCoverage="0" maxCyclomaticComplexity="1" minCyclomaticComplexity="1" visitedClasses="0" numClasses="0" visitedMethods="0" numMethods="1" />
              <MetadataToken>100663302</MetadataToken>
              <Name>System.Void ArgParser.Core.Test.BasicExtensions_Should::Throw_ArgumentNullException_If_Argument_Is_Null()</Name>
              <FileRef uid="1" />
              <SequencePoints>
                <SequencePoint vc="0" uspid="30" ordinal="0" offset="6" sl="74" sc="9" el="74" ec="10" bec="0" bev="0" fileid="1" />
                <SequencePoint vc="0" uspid="31" ordinal="1" offset="7" sl="76" sc="13" el="76" ec="29" bec="0" bev="0" fileid="1" />
                <SequencePoint vc="0" uspid="32" ordinal="2" offset="14" sl="77" sc="13" el="77" ec="72" bec="0" bev="0" fileid="1" />
                <SequencePoint vc="0" uspid="33" ordinal="3" offset="27" sl="78" sc="13" el="78" ec="81" bec="0" bev="0" fileid="1" />
                <SequencePoint vc="0" uspid="34" ordinal="4" offset="40" sl="82" sc="13" el="82" ec="64" bec="0" bev="0" fileid="1" />
                <SequencePoint vc="0" uspid="35" ordinal="5" offset="62" sl="83" sc="13" el="83" ec="65" bec="0" bev="0" fileid="1" />
                <SequencePoint vc="0" uspid="36" ordinal="6" offset="84" sl="84" sc="9" el="84" ec="10" bec="0" bev="0" fileid="1" />
              </SequencePoints>
              <BranchPoints />
              <MethodPoint vc="0" uspid="37" ordinal="0" offset="0" />
            </Method>
            <Method visited="false" cyclomaticComplexity="1" nPathComplexity="0" sequenceCoverage="0" branchCoverage="0" isConstructor="false" isStatic="false" isGetter="false" isSetter="false">
              <Summary numSequencePoints="12" visitedSequencePoints="0" numBranchPoints="1" visitedBranchPoints="0" sequenceCoverage="0" branchCoverage="0" maxCyclomaticComplexity="1" minCyclomaticComplexity="1" visitedClasses="0" numClasses="0" visitedMethods="0" numMethods="1" />
              <MetadataToken>100663303</MetadataToken>
              <Name>System.Void ArgParser.Core.Test.BasicExtensions_Should::Throw_If_Given_Bad_Value_To_Converted_Action()</Name>
              <FileRef uid="1" />
              <SequencePoints>
                <SequencePoint vc="0" uspid="38" ordinal="0" offset="6" sl="88" sc="9" el="88" ec="10" bec="0" bev="0" fileid="1" />
                <SequencePoint vc="0" uspid="39" ordinal="1" offset="7" sl="90" sc="13" el="90" ec="37" bec="0" bev="0" fileid="1" />
                <SequencePoint vc="0" uspid="40" ordinal="2" offset="14" sl="91" sc="13" el="91" ec="37" bec="0" bev="0" fileid="1" />
                <SequencePoint vc="0" uspid="41" ordinal="3" offset="21" sl="92" sc="13" el="92" ec="89" bec="0" bev="0" fileid="1" />
                <SequencePoint vc="0" uspid="42" ordinal="4" offset="34" sl="93" sc="13" el="93" ec="67" bec="0" bev="0" fileid="1" />
                <SequencePoint vc="0" uspid="43" ordinal="5" offset="47" sl="96" sc="13" el="96" ec="59" bec="0" bev="0" fileid="1" />
                <SequencePoint vc="0" uspid="44" ordinal="6" offset="59" sl="97" sc="13" el="97" ec="59" bec="0" bev="0" fileid="1" />
                <SequencePoint vc="0" uspid="45" ordinal="7" offset="71" sl="98" sc="13" el="98" ec="80" bec="0" bev="0" fileid="1" />
                <SequencePoint vc="0" uspid="46" ordinal="8" offset="84" sl="99" sc="13" el="99" ec="65" bec="0" bev="0" fileid="1" />
                <SequencePoint vc="0" uspid="47" ordinal="9" offset="98" sl="102" sc="13" el="102" ec="61" bec="0" bev="0" fileid="1" />
                <SequencePoint vc="0" uspid="48" ordinal="10" offset="120" sl="103" sc="13" el="103" ec="61" bec="0" bev="0" fileid="1" />
                <SequencePoint vc="0" uspid="49" ordinal="11" offset="143" sl="104" sc="9" el="104" ec="10" bec="0" bev="0" fileid="1" />
              </SequencePoints>
              <BranchPoints />
              <MethodPoint vc="0" uspid="50" ordinal="0" offset="0" />
            </Method>
            <Method visited="false" cyclomaticComplexity="1" nPathComplexity="0" sequenceCoverage="0" branchCoverage="0" isConstructor="true" isStatic="false" isGetter="false" isSetter="false">
              <Summary numSequencePoints="0" visitedSequencePoints="0" numBranchPoints="0" visitedBranchPoints="0" sequenceCoverage="0" branchCoverage="0" maxCyclomaticComplexity="1" minCyclomaticComplexity="1" visitedClasses="0" numClasses="0" visitedMethods="0" numMethods="0" />
              <MetadataToken>100663304</MetadataToken>
              <Name>System.Void ArgParser.Core.Test.BasicExtensions_Should::.ctor()</Name>
              <SequencePoints />
              <BranchPoints />
              <MethodPoint vc="0" uspid="51" ordinal="0" offset="0" />
            </Method>
          </Methods>
        </Class>
        <Class>
          <Summary numSequencePoints="6" visitedSequencePoints="0" numBranchPoints="2" visitedBranchPoints="0" sequenceCoverage="0" branchCoverage="0" maxCyclomaticComplexity="1" minCyclomaticComplexity="1" visitedClasses="0" numClasses="1" visitedMethods="0" numMethods="2" />
          <FullName>ArgParser.Core.Test.BasicExtensions_Should/&lt;&gt;c__DisplayClass0_0</FullName>
          <Methods>
            <Method visited="false" cyclomaticComplexity="1" nPathComplexity="0" sequenceCoverage="0" branchCoverage="0" isConstructor="true" isStatic="false" isGetter="false" isSetter="false">
              <Summary numSequencePoints="0" visitedSequencePoints="0" numBranchPoints="0" visitedBranchPoints="0" sequenceCoverage="0" branchCoverage="0" maxCyclomaticComplexity="1" minCyclomaticComplexity="1" visitedClasses="0" numClasses="0" visitedMethods="0" numMethods="0" />
              <MetadataToken>100663336</MetadataToken>
              <Name>System.Void ArgParser.Core.Test.BasicExtensions_Should/&lt;&gt;c__DisplayClass0_0::.ctor()</Name>
              <SequencePoints />
              <BranchPoints />
              <MethodPoint vc="0" uspid="52" ordinal="0" offset="0" />
            </Method>
            <Method visited="false" cyclomaticComplexity="1" nPathComplexity="0" sequenceCoverage="0" branchCoverage="0" isConstructor="false" isStatic="false" isGetter="false" isSetter="false">
              <Summary numSequencePoints="3" visitedSequencePoints="0" numBranchPoints="1" visitedBranchPoints="0" sequenceCoverage="0" branchCoverage="0" maxCyclomaticComplexity="1" minCyclomaticComplexity="1" visitedClasses="0" numClasses="0" visitedMethods="0" numMethods="1" />
              <MetadataToken>100663337</MetadataToken>
              <Name>System.Void ArgParser.Core.Test.BasicExtensions_Should/&lt;&gt;c__DisplayClass0_0::&lt;Convert_Generic_Actions_Into_NonGeneric_Actions&gt;b__0(System.String,System.String[])</Name>
              <FileRef uid="1" />
              <SequencePoints>
                <SequencePoint vc="0" uspid="53" ordinal="0" offset="0" sl="16" sc="65" el="16" ec="66" bec="0" bev="0" fileid="1" />
                <SequencePoint vc="0" uspid="54" ordinal="1" offset="1" sl="16" sc="67" el="16" ec="86" bec="0" bev="0" fileid="1" />
                <SequencePoint vc="0" uspid="55" ordinal="2" offset="8" sl="16" sc="87" el="16" ec="88" bec="0" bev="0" fileid="1" />
              </SequencePoints>
              <BranchPoints />
              <MethodPoint xsi:type="SequencePoint" vc="0" uspid="53" ordinal="0" offset="0" sl="16" sc="65" el="16" ec="66" bec="0" bev="0" fileid="1" />
            </Method>
            <Method visited="false" cyclomaticComplexity="1" nPathComplexity="0" sequenceCoverage="0" branchCoverage="0" isConstructor="false" isStatic="false" isGetter="false" isSetter="false">
              <Summary numSequencePoints="3" visitedSequencePoints="0" numBranchPoints="1" visitedBranchPoints="0" sequenceCoverage="0" branchCoverage="0" maxCyclomaticComplexity="1" minCyclomaticComplexity="1" visitedClasses="0" numClasses="0" visitedMethods="0" numMethods="1" />
              <MetadataToken>100663338</MetadataToken>
              <Name>System.Void ArgParser.Core.Test.BasicExtensions_Should/&lt;&gt;c__DisplayClass0_0::&lt;Convert_Generic_Actions_Into_NonGeneric_Actions&gt;b__1(System.String)</Name>
              <FileRef uid="1" />
              <SequencePoints>
                <SequencePoint vc="0" uspid="56" ordinal="0" offset="0" sl="17" sc="43" el="17" ec="44" bec="0" bev="0" fileid="1" />
                <SequencePoint vc="0" uspid="57" ordinal="1" offset="1" sl="17" sc="45" el="17" ec="64" bec="0" bev="0" fileid="1" />
                <SequencePoint vc="0" uspid="58" ordinal="2" offset="8" sl="17" sc="65" el="17" ec="66" bec="0" bev="0" fileid="1" />
              </SequencePoints>
              <BranchPoints />
              <MethodPoint xsi:type="SequencePoint" vc="0" uspid="56" ordinal="0" offset="0" sl="17" sc="43" el="17" ec="44" bec="0" bev="0" fileid="1" />
            </Method>
          </Methods>
        </Class>
        <Class>
          <Summary numSequencePoints="2" visitedSequencePoints="0" numBranchPoints="2" visitedBranchPoints="0" sequenceCoverage="0" branchCoverage="0" maxCyclomaticComplexity="1" minCyclomaticComplexity="1" visitedClasses="0" numClasses="1" visitedMethods="0" numMethods="2" />
          <FullName>ArgParser.Core.Test.BasicExtensions_Should/&lt;&gt;c__DisplayClass5_0</FullName>
          <Methods>
            <Method visited="false" cyclomaticComplexity="1" nPathComplexity="0" sequenceCoverage="0" branchCoverage="0" isConstructor="true" isStatic="false" isGetter="false" isSetter="false">
              <Summary numSequencePoints="0" visitedSequencePoints="0" numBranchPoints="0" visitedBranchPoints="0" sequenceCoverage="0" branchCoverage="0" maxCyclomaticComplexity="1" minCyclomaticComplexity="1" visitedClasses="0" numClasses="0" visitedMethods="0" numMethods="0" />
              <MetadataToken>100663339</MetadataToken>
              <Name>System.Void ArgParser.Core.Test.BasicExtensions_Should/&lt;&gt;c__DisplayClass5_0::.ctor()</Name>
              <SequencePoints />
              <BranchPoints />
              <MethodPoint vc="0" uspid="59" ordinal="0" offset="0" />
            </Method>
            <Method visited="false" cyclomaticComplexity="1" nPathComplexity="0" sequenceCoverage="0" branchCoverage="0" isConstructor="false" isStatic="false" isGetter="false" isSetter="false">
              <Summary numSequencePoints="1" visitedSequencePoints="0" numBranchPoints="1" visitedBranchPoints="0" sequenceCoverage="0" branchCoverage="0" maxCyclomaticComplexity="1" minCyclomaticComplexity="1" visitedClasses="0" numClasses="0" visitedMethods="0" numMethods="1" />
              <MetadataToken>100663340</MetadataToken>
              <Name>System.Void ArgParser.Core.Test.BasicExtensions_Should/&lt;&gt;c__DisplayClass5_0::&lt;Throw_ArgumentNullException_If_Argument_Is_Null&gt;b__0()</Name>
              <FileRef uid="1" />
              <SequencePoints>
                <SequencePoint vc="0" uspid="60" ordinal="0" offset="0" sl="77" sc="39" el="77" ec="71" bec="0" bev="0" fileid="1" />
              </SequencePoints>
              <BranchPoints />
              <MethodPoint xsi:type="SequencePoint" vc="0" uspid="60" ordinal="0" offset="0" sl="77" sc="39" el="77" ec="71" bec="0" bev="0" fileid="1" />
            </Method>
            <Method visited="false" cyclomaticComplexity="1" nPathComplexity="0" sequenceCoverage="0" branchCoverage="0" isConstructor="false" isStatic="false" isGetter="false" isSetter="false">
              <Summary numSequencePoints="1" visitedSequencePoints="0" numBranchPoints="1" visitedBranchPoints="0" sequenceCoverage="0" branchCoverage="0" maxCyclomaticComplexity="1" minCyclomaticComplexity="1" visitedClasses="0" numClasses="0" visitedMethods="0" numMethods="1" />
              <MetadataToken>100663341</MetadataToken>
              <Name>System.Void ArgParser.Core.Test.BasicExtensions_Should/&lt;&gt;c__DisplayClass5_0::&lt;Throw_ArgumentNullException_If_Argument_Is_Null&gt;b__1()</Name>
              <FileRef uid="1" />
              <SequencePoints>
                <SequencePoint vc="0" uspid="61" ordinal="0" offset="0" sl="78" sc="40" el="78" ec="80" bec="0" bev="0" fileid="1" />
              </SequencePoints>
              <BranchPoints />
              <MethodPoint xsi:type="SequencePoint" vc="0" uspid="61" ordinal="0" offset="0" sl="78" sc="40" el="78" ec="80" bec="0" bev="0" fileid="1" />
            </Method>
          </Methods>
        </Class>
        <Class>
          <Summary numSequencePoints="8" visitedSequencePoints="0" numBranchPoints="4" visitedBranchPoints="0" sequenceCoverage="0" branchCoverage="0" maxCyclomaticComplexity="1" minCyclomaticComplexity="1" visitedClasses="0" numClasses="1" visitedMethods="0" numMethods="4" />
          <FullName>ArgParser.Core.Test.BasicExtensions_Should/&lt;&gt;c__DisplayClass6_0</FullName>
          <Methods>
            <Method visited="false" cyclomaticComplexity="1" nPathComplexity="0" sequenceCoverage="0" branchCoverage="0" isConstructor="true" isStatic="false" isGetter="false" isSetter="false">
              <Summary numSequencePoints="0" visitedSequencePoints="0" numBranchPoints="0" visitedBranchPoints="0" sequenceCoverage="0" branchCoverage="0" maxCyclomaticComplexity="1" minCyclomaticComplexity="1" visitedClasses="0" numClasses="0" visitedMethods="0" numMethods="0" />
              <MetadataToken>100663342</MetadataToken>
              <Name>System.Void ArgParser.Core.Test.BasicExtensions_Should/&lt;&gt;c__DisplayClass6_0::.ctor()</Name>
              <SequencePoints />
              <BranchPoints />
              <MethodPoint vc="0" uspid="62" ordinal="0" offset="0" />
            </Method>
            <Method visited="false" cyclomaticComplexity="1" nPathComplexity="0" sequenceCoverage="0" branchCoverage="0" isConstructor="false" isStatic="false" isGetter="false" isSetter="false">
              <Summary numSequencePoints="3" visitedSequencePoints="0" numBranchPoints="1" visitedBranchPoints="0" sequenceCoverage="0" branchCoverage="0" maxCyclomaticComplexity="1" minCyclomaticComplexity="1" visitedClasses="0" numClasses="0" visitedMethods="0" numMethods="1" />
              <MetadataToken>100663343</MetadataToken>
              <Name>System.Void ArgParser.Core.Test.BasicExtensions_Should/&lt;&gt;c__DisplayClass6_0::&lt;Throw_If_Given_Bad_Value_To_Converted_Action&gt;b__0(System.String,System.String[])</Name>
              <FileRef uid="1" />
              <SequencePoints>
                <SequencePoint vc="0" uspid="63" ordinal="0" offset="0" sl="92" sc="65" el="92" ec="66" bec="0" bev="0" fileid="1" />
                <SequencePoint vc="0" uspid="64" ordinal="1" offset="1" sl="92" sc="67" el="92" ec="86" bec="0" bev="0" fileid="1" />
                <SequencePoint vc="0" uspid="65" ordinal="2" offset="8" sl="92" sc="87" el="92" ec="88" bec="0" bev="0" fileid="1" />
              </SequencePoints>
              <BranchPoints />
              <MethodPoint xsi:type="SequencePoint" vc="0" uspid="63" ordinal="0" offset="0" sl="92" sc="65" el="92" ec="66" bec="0" bev="0" fileid="1" />
            </Method>
            <Method visited="false" cyclomaticComplexity="1" nPathComplexity="0" sequenceCoverage="0" branchCoverage="0" isConstructor="false" isStatic="false" isGetter="false" isSetter="false">
              <Summary numSequencePoints="3" visitedSequencePoints="0" numBranchPoints="1" visitedBranchPoints="0" sequenceCoverage="0" branchCoverage="0" maxCyclomaticComplexity="1" minCyclomaticComplexity="1" visitedClasses="0" numClasses="0" visitedMethods="0" numMethods="1" />
              <MetadataToken>100663344</MetadataToken>
              <Name>System.Void ArgParser.Core.Test.BasicExtensions_Should/&lt;&gt;c__DisplayClass6_0::&lt;Throw_If_Given_Bad_Value_To_Converted_Action&gt;b__1(System.String)</Name>
              <FileRef uid="1" />
              <SequencePoints>
                <SequencePoint vc="0" uspid="66" ordinal="0" offset="0" sl="93" sc="43" el="93" ec="44" bec="0" bev="0" fileid="1" />
                <SequencePoint vc="0" uspid="67" ordinal="1" offset="1" sl="93" sc="45" el="93" ec="64" bec="0" bev="0" fileid="1" />
                <SequencePoint vc="0" uspid="68" ordinal="2" offset="8" sl="93" sc="65" el="93" ec="66" bec="0" bev="0" fileid="1" />
              </SequencePoints>
              <BranchPoints />
              <MethodPoint xsi:type="SequencePoint" vc="0" uspid="66" ordinal="0" offset="0" sl="93" sc="43" el="93" ec="44" bec="0" bev="0" fileid="1" />
            </Method>
            <Method visited="false" cyclomaticComplexity="1" nPathComplexity="0" sequenceCoverage="0" branchCoverage="0" isConstructor="false" isStatic="false" isGetter="false" isSetter="false">
              <Summary numSequencePoints="1" visitedSequencePoints="0" numBranchPoints="1" visitedBranchPoints="0" sequenceCoverage="0" branchCoverage="0" maxCyclomaticComplexity="1" minCyclomaticComplexity="1" visitedClasses="0" numClasses="0" visitedMethods="0" numMethods="1" />
              <MetadataToken>100663345</MetadataToken>
              <Name>System.Void ArgParser.Core.Test.BasicExtensions_Should/&lt;&gt;c__DisplayClass6_0::&lt;Throw_If_Given_Bad_Value_To_Converted_Action&gt;b__2()</Name>
              <FileRef uid="1" />
              <SequencePoints>
                <SequencePoint vc="0" uspid="69" ordinal="0" offset="0" sl="98" sc="40" el="98" ec="79" bec="0" bev="0" fileid="1" />
              </SequencePoints>
              <BranchPoints />
              <MethodPoint xsi:type="SequencePoint" vc="0" uspid="69" ordinal="0" offset="0" sl="98" sc="40" el="98" ec="79" bec="0" bev="0" fileid="1" />
            </Method>
            <Method visited="false" cyclomaticComplexity="1" nPathComplexity="0" sequenceCoverage="0" branchCoverage="0" isConstructor="false" isStatic="false" isGetter="false" isSetter="false">
              <Summary numSequencePoints="1" visitedSequencePoints="0" numBranchPoints="1" visitedBranchPoints="0" sequenceCoverage="0" branchCoverage="0" maxCyclomaticComplexity="1" minCyclomaticComplexity="1" visitedClasses="0" numClasses="0" visitedMethods="0" numMethods="1" />
              <MetadataToken>100663346</MetadataToken>
              <Name>System.Void ArgParser.Core.Test.BasicExtensions_Should/&lt;&gt;c__DisplayClass6_0::&lt;Throw_If_Given_Bad_Value_To_Converted_Action&gt;b__3()</Name>
              <FileRef uid="1" />
              <SequencePoints>
                <SequencePoint vc="0" uspid="70" ordinal="0" offset="0" sl="99" sc="40" el="99" ec="64" bec="0" bev="0" fileid="1" />
              </SequencePoints>
              <BranchPoints />
              <MethodPoint xsi:type="SequencePoint" vc="0" uspid="70" ordinal="0" offset="0" sl="99" sc="40" el="99" ec="64" bec="0" bev="0" fileid="1" />
            </Method>
          </Methods>
        </Class>
        <Class>
          <Summary numSequencePoints="98" visitedSequencePoints="0" numBranchPoints="6" visitedBranchPoints="0" sequenceCoverage="0" branchCoverage="0" maxCyclomaticComplexity="1" minCyclomaticComplexity="1" visitedClasses="0" numClasses="1" visitedMethods="0" numMethods="6" />
          <FullName>ArgParser.Core.Test.ConsumptionRequestExtensions_Should</FullName>
          <Methods>
            <Method visited="false" cyclomaticComplexity="1" nPathComplexity="0" sequenceCoverage="0" branchCoverage="0" isConstructor="false" isStatic="false" isGetter="false" isSetter="false">
              <Summary numSequencePoints="13" visitedSequencePoints="0" numBranchPoints="1" visitedBranchPoints="0" sequenceCoverage="0" branchCoverage="0" maxCyclomaticComplexity="1" minCyclomaticComplexity="1" visitedClasses="0" numClasses="0" visitedMethods="0" numMethods="1" />
              <MetadataToken>100663305</MetadataToken>
              <Name>System.Void ArgParser.Core.Test.ConsumptionRequestExtensions_Should::Identify_When_There_Is_A_Next_Arg()</Name>
              <FileRef uid="5" />
              <SequencePoints>
                <SequencePoint vc="0" uspid="71" ordinal="0" offset="0" sl="11" sc="9" el="11" ec="10" bec="0" bev="0" fileid="5" />
                <SequencePoint vc="0" uspid="72" ordinal="1" offset="1" sl="13" sc="13" el="13" ec="61" bec="0" bev="0" fileid="5" />
                <SequencePoint vc="0" uspid="73" ordinal="2" offset="29" sl="14" sc="13" el="14" ec="63" bec="0" bev="0" fileid="5" />
                <SequencePoint vc="0" uspid="74" ordinal="3" offset="57" sl="15" sc="13" el="15" ec="73" bec="0" bev="0" fileid="5" />
                <SequencePoint vc="0" uspid="75" ordinal="4" offset="85" sl="16" sc="13" el="16" ec="57" bec="0" bev="0" fileid="5" />
                <SequencePoint vc="0" uspid="76" ordinal="5" offset="93" sl="17" sc="13" el="17" ec="57" bec="0" bev="0" fileid="5" />
                <SequencePoint vc="0" uspid="77" ordinal="6" offset="102" sl="18" sc="13" el="18" ec="57" bec="0" bev="0" fileid="5" />
                <SequencePoint vc="0" uspid="78" ordinal="7" offset="111" sl="19" sc="13" el="19" ec="57" bec="0" bev="0" fileid="5" />
                <SequencePoint vc="0" uspid="79" ordinal="8" offset="120" sl="23" sc="13" el="23" ec="47" bec="0" bev="0" fileid="5" />
                <SequencePoint vc="0" uspid="80" ordinal="9" offset="147" sl="24" sc="13" el="24" ec="47" bec="0" bev="0" fileid="5" />
                <SequencePoint vc="0" uspid="81" ordinal="10" offset="175" sl="25" sc="13" el="25" ec="47" bec="0" bev="0" fileid="5" />
                <SequencePoint vc="0" uspid="82" ordinal="11" offset="203" sl="26" sc="13" el="26" ec="46" bec="0" bev="0" fileid="5" />
                <SequencePoint vc="0" uspid="83" ordinal="12" offset="231" sl="27" sc="9" el="27" ec="10" bec="0" bev="0" fileid="5" />
              </SequencePoints>
              <BranchPoints />
              <MethodPoint xsi:type="SequencePoint" vc="0" uspid="71" ordinal="0" offset="0" sl="11" sc="9" el="11" ec="10" bec="0" bev="0" fileid="5" />
            </Method>
            <Method visited="false" cyclomaticComplexity="1" nPathComplexity="0" sequenceCoverage="0" branchCoverage="0" isConstructor="false" isStatic="false" isGetter="false" isSetter="false">
              <Summary numSequencePoints="16" visitedSequencePoints="0" numBranchPoints="1" visitedBranchPoints="0" sequenceCoverage="0" branchCoverage="0" maxCyclomaticComplexity="1" minCyclomaticComplexity="1" visitedClasses="0" numClasses="0" visitedMethods="0" numMethods="1" />
              <MetadataToken>100663306</MetadataToken>
              <Name>System.Void ArgParser.Core.Test.ConsumptionRequestExtensions_Should::Return_The_Current_Item_And_All_SubSequent_Items()</Name>
              <FileRef uid="5" />
              <SequencePoints>
                <SequencePoint vc="0" uspid="84" ordinal="0" offset="0" sl="31" sc="9" el="31" ec="10" bec="0" bev="0" fileid="5" />
                <SequencePoint vc="0" uspid="85" ordinal="1" offset="1" sl="33" sc="13" el="33" ec="61" bec="0" bev="0" fileid="5" />
                <SequencePoint vc="0" uspid="86" ordinal="2" offset="29" sl="34" sc="13" el="34" ec="63" bec="0" bev="0" fileid="5" />
                <SequencePoint vc="0" uspid="87" ordinal="3" offset="57" sl="35" sc="13" el="35" ec="73" bec="0" bev="0" fileid="5" />
                <SequencePoint vc="0" uspid="88" ordinal="4" offset="85" sl="36" sc="13" el="36" ec="70" bec="0" bev="0" fileid="5" />
                <SequencePoint vc="0" uspid="89" ordinal="5" offset="113" sl="37" sc="13" el="37" ec="57" bec="0" bev="0" fileid="5" />
                <SequencePoint vc="0" uspid="90" ordinal="6" offset="122" sl="38" sc="13" el="38" ec="57" bec="0" bev="0" fileid="5" />
                <SequencePoint vc="0" uspid="91" ordinal="7" offset="131" sl="39" sc="13" el="39" ec="57" bec="0" bev="0" fileid="5" />
                <SequencePoint vc="0" uspid="92" ordinal="8" offset="140" sl="40" sc="13" el="40" ec="57" bec="0" bev="0" fileid="5" />
                <SequencePoint vc="0" uspid="93" ordinal="9" offset="149" sl="41" sc="13" el="41" ec="57" bec="0" bev="0" fileid="5" />
                <SequencePoint vc="0" uspid="94" ordinal="10" offset="158" sl="45" sc="13" el="45" ec="75" bec="0" bev="0" fileid="5" />
                <SequencePoint vc="0" uspid="95" ordinal="11" offset="197" sl="46" sc="13" el="46" ec="77" bec="0" bev="0" fileid="5" />
                <SequencePoint vc="0" uspid="96" ordinal="12" offset="236" sl="47" sc="13" el="47" ec="77" bec="0" bev="0" fileid="5" />
                <SequencePoint vc="0" uspid="97" ordinal="13" offset="275" sl="48" sc="13" el="48" ec="87" bec="0" bev="0" fileid="5" />
                <SequencePoint vc="0" uspid="98" ordinal="14" offset="314" sl="49" sc="13" el="49" ec="80" bec="0" bev="0" fileid="5" />
                <SequencePoint vc="0" uspid="99" ordinal="15" offset="353" sl="50" sc="9" el="50" ec="10" bec="0" bev="0" fileid="5" />
              </SequencePoints>
              <BranchPoints />
              <MethodPoint xsi:type="SequencePoint" vc="0" uspid="84" ordinal="0" offset="0" sl="31" sc="9" el="31" ec="10" bec="0" bev="0" fileid="5" />
            </Method>
            <Method visited="false" cyclomaticComplexity="1" nPathComplexity="0" sequenceCoverage="0" branchCoverage="0" isConstructor="false" isStatic="false" isGetter="false" isSetter="false">
              <Summary numSequencePoints="17" visitedSequencePoints="0" numBranchPoints="1" visitedBranchPoints="0" sequenceCoverage="0" branchCoverage="0" maxCyclomaticComplexity="1" minCyclomaticComplexity="1" visitedClasses="0" numClasses="0" visitedMethods="0" numMethods="1" />
              <MetadataToken>100663307</MetadataToken>
              <Name>System.Void ArgParser.Core.Test.ConsumptionRequestExtensions_Should::Return_The_First_Item()</Name>
              <FileRef uid="5" />
              <SequencePoints>
                <SequencePoint vc="0" uspid="100" ordinal="0" offset="6" sl="54" sc="9" el="54" ec="10" bec="0" bev="0" fileid="5" />
                <SequencePoint vc="0" uspid="101" ordinal="1" offset="7" sl="56" sc="13" el="56" ec="61" bec="0" bev="0" fileid="5" />
                <SequencePoint vc="0" uspid="102" ordinal="2" offset="20" sl="57" sc="13" el="57" ec="63" bec="0" bev="0" fileid="5" />
                <SequencePoint vc="0" uspid="103" ordinal="3" offset="48" sl="58" sc="13" el="58" ec="73" bec="0" bev="0" fileid="5" />
                <SequencePoint vc="0" uspid="104" ordinal="4" offset="76" sl="59" sc="13" el="59" ec="70" bec="0" bev="0" fileid="5" />
                <SequencePoint vc="0" uspid="105" ordinal="5" offset="105" sl="60" sc="13" el="60" ec="57" bec="0" bev="0" fileid="5" />
                <SequencePoint vc="0" uspid="106" ordinal="6" offset="118" sl="61" sc="13" el="61" ec="57" bec="0" bev="0" fileid="5" />
                <SequencePoint vc="0" uspid="107" ordinal="7" offset="127" sl="62" sc="13" el="62" ec="57" bec="0" bev="0" fileid="5" />
                <SequencePoint vc="0" uspid="108" ordinal="8" offset="136" sl="63" sc="13" el="63" ec="57" bec="0" bev="0" fileid="5" />
                <SequencePoint vc="0" uspid="109" ordinal="9" offset="145" sl="64" sc="13" el="64" ec="57" bec="0" bev="0" fileid="5" />
                <SequencePoint vc="0" uspid="110" ordinal="10" offset="155" sl="65" sc="13" el="65" ec="52" bec="0" bev="0" fileid="5" />
                <SequencePoint vc="0" uspid="111" ordinal="11" offset="169" sl="69" sc="13" el="69" ec="70" bec="0" bev="0" fileid="5" />
                <SequencePoint vc="0" uspid="112" ordinal="12" offset="192" sl="70" sc="13" el="70" ec="44" bec="0" bev="0" fileid="5" />
                <SequencePoint vc="0" uspid="113" ordinal="13" offset="225" sl="71" sc="13" el="71" ec="44" bec="0" bev="0" fileid="5" />
                <SequencePoint vc="0" uspid="114" ordinal="14" offset="258" sl="72" sc="13" el="72" ec="44" bec="0" bev="0" fileid="5" />
                <SequencePoint vc="0" uspid="115" ordinal="15" offset="291" sl="73" sc="13" el="73" ec="43" bec="0" bev="0" fileid="5" />
                <SequencePoint vc="0" uspid="116" ordinal="16" offset="324" sl="74" sc="9" el="74" ec="10" bec="0" bev="0" fileid="5" />
              </SequencePoints>
              <BranchPoints />
              <MethodPoint vc="0" uspid="117" ordinal="0" offset="0" />
            </Method>
            <Method visited="false" cyclomaticComplexity="1" nPathComplexity="0" sequenceCoverage="0" branchCoverage="0" isConstructor="false" isStatic="false" isGetter="false" isSetter="false">
              <Summary numSequencePoints="17" visitedSequencePoints="0" numBranchPoints="1" visitedBranchPoints="0" sequenceCoverage="0" branchCoverage="0" maxCyclomaticComplexity="1" minCyclomaticComplexity="1" visitedClasses="0" numClasses="0" visitedMethods="0" numMethods="1" />
              <MetadataToken>100663308</MetadataToken>
              <Name>System.Void ArgParser.Core.Test.ConsumptionRequestExtensions_Should::Return_The_Last_Item()</Name>
              <FileRef uid="5" />
              <SequencePoints>
                <SequencePoint vc="0" uspid="118" ordinal="0" offset="6" sl="78" sc="9" el="78" ec="10" bec="0" bev="0" fileid="5" />
                <SequencePoint vc="0" uspid="119" ordinal="1" offset="7" sl="80" sc="13" el="80" ec="61" bec="0" bev="0" fileid="5" />
                <SequencePoint vc="0" uspid="120" ordinal="2" offset="20" sl="81" sc="13" el="81" ec="63" bec="0" bev="0" fileid="5" />
                <SequencePoint vc="0" uspid="121" ordinal="3" offset="48" sl="82" sc="13" el="82" ec="73" bec="0" bev="0" fileid="5" />
                <SequencePoint vc="0" uspid="122" ordinal="4" offset="76" sl="83" sc="13" el="83" ec="70" bec="0" bev="0" fileid="5" />
                <SequencePoint vc="0" uspid="123" ordinal="5" offset="105" sl="84" sc="13" el="84" ec="57" bec="0" bev="0" fileid="5" />
                <SequencePoint vc="0" uspid="124" ordinal="6" offset="118" sl="85" sc="13" el="85" ec="57" bec="0" bev="0" fileid="5" />
                <SequencePoint vc="0" uspid="125" ordinal="7" offset="127" sl="86" sc="13" el="86" ec="57" bec="0" bev="0" fileid="5" />
                <SequencePoint vc="0" uspid="126" ordinal="8" offset="136" sl="87" sc="13" el="87" ec="57" bec="0" bev="0" fileid="5" />
                <SequencePoint vc="0" uspid="127" ordinal="9" offset="145" sl="88" sc="13" el="88" ec="57" bec="0" bev="0" fileid="5" />
                <SequencePoint vc="0" uspid="128" ordinal="10" offset="155" sl="89" sc="13" el="89" ec="51" bec="0" bev="0" fileid="5" />
                <SequencePoint vc="0" uspid="129" ordinal="11" offset="169" sl="93" sc="13" el="93" ec="70" bec="0" bev="0" fileid="5" />
                <SequencePoint vc="0" uspid="130" ordinal="12" offset="192" sl="94" sc="13" el="94" ec="43" bec="0" bev="0" fileid="5" />
                <SequencePoint vc="0" uspid="131" ordinal="13" offset="225" sl="95" sc="13" el="95" ec="43" bec="0" bev="0" fileid="5" />
                <SequencePoint vc="0" uspid="132" ordinal="14" offset="258" sl="96" sc="13" el="96" ec="50" bec="0" bev="0" fileid="5" />
                <SequencePoint vc="0" uspid="133" ordinal="15" offset="291" sl="97" sc="13" el="97" ec="42" bec="0" bev="0" fileid="5" />
                <SequencePoint vc="0" uspid="134" ordinal="16" offset="324" sl="98" sc="9" el="98" ec="10" bec="0" bev="0" fileid="5" />
              </SequencePoints>
              <BranchPoints />
              <MethodPoint vc="0" uspid="135" ordinal="0" offset="0" />
            </Method>
            <Method visited="false" cyclomaticComplexity="1" nPathComplexity="0" sequenceCoverage="0" branchCoverage="0" isConstructor="false" isStatic="false" isGetter="false" isSetter="false">
              <Summary numSequencePoints="19" visitedSequencePoints="0" numBranchPoints="1" visitedBranchPoints="0" sequenceCoverage="0" branchCoverage="0" maxCyclomaticComplexity="1" minCyclomaticComplexity="1" visitedClasses="0" numClasses="0" visitedMethods="0" numMethods="1" />
              <MetadataToken>100663309</MetadataToken>
              <Name>System.Void ArgParser.Core.Test.ConsumptionRequestExtensions_Should::Return_The_Next_Item()</Name>
              <FileRef uid="5" />
              <SequencePoints>
                <SequencePoint vc="0" uspid="136" ordinal="0" offset="6" sl="102" sc="9" el="102" ec="10" bec="0" bev="0" fileid="5" />
                <SequencePoint vc="0" uspid="137" ordinal="1" offset="7" sl="104" sc="13" el="104" ec="61" bec="0" bev="0" fileid="5" />
                <SequencePoint vc="0" uspid="138" ordinal="2" offset="20" sl="105" sc="13" el="105" ec="63" bec="0" bev="0" fileid="5" />
                <SequencePoint vc="0" uspid="139" ordinal="3" offset="48" sl="106" sc="13" el="106" ec="73" bec="0" bev="0" fileid="5" />
                <SequencePoint vc="0" uspid="140" ordinal="4" offset="76" sl="107" sc="13" el="107" ec="70" bec="0" bev="0" fileid="5" />
                <SequencePoint vc="0" uspid="141" ordinal="5" offset="105" sl="108" sc="13" el="108" ec="57" bec="0" bev="0" fileid="5" />
                <SequencePoint vc="0" uspid="142" ordinal="6" offset="118" sl="109" sc="13" el="109" ec="57" bec="0" bev="0" fileid="5" />
                <SequencePoint vc="0" uspid="143" ordinal="7" offset="131" sl="110" sc="13" el="110" ec="57" bec="0" bev="0" fileid="5" />
                <SequencePoint vc="0" uspid="144" ordinal="8" offset="144" sl="111" sc="13" el="111" ec="57" bec="0" bev="0" fileid="5" />
                <SequencePoint vc="0" uspid="145" ordinal="9" offset="153" sl="112" sc="13" el="112" ec="57" bec="0" bev="0" fileid="5" />
                <SequencePoint vc="0" uspid="146" ordinal="10" offset="163" sl="113" sc="13" el="113" ec="52" bec="0" bev="0" fileid="5" />
                <SequencePoint vc="0" uspid="147" ordinal="11" offset="177" sl="114" sc="13" el="114" ec="52" bec="0" bev="0" fileid="5" />
                <SequencePoint vc="0" uspid="148" ordinal="12" offset="191" sl="115" sc="13" el="115" ec="52" bec="0" bev="0" fileid="5" />
                <SequencePoint vc="0" uspid="149" ordinal="13" offset="205" sl="119" sc="13" el="119" ec="71" bec="0" bev="0" fileid="5" />
                <SequencePoint vc="0" uspid="150" ordinal="14" offset="228" sl="120" sc="13" el="120" ec="71" bec="0" bev="0" fileid="5" />
                <SequencePoint vc="0" uspid="151" ordinal="15" offset="251" sl="121" sc="13" el="121" ec="71" bec="0" bev="0" fileid="5" />
                <SequencePoint vc="0" uspid="152" ordinal="16" offset="274" sl="122" sc="13" el="122" ec="50" bec="0" bev="0" fileid="5" />
                <SequencePoint vc="0" uspid="153" ordinal="17" offset="307" sl="123" sc="13" el="123" ec="42" bec="0" bev="0" fileid="5" />
                <SequencePoint vc="0" uspid="154" ordinal="18" offset="340" sl="124" sc="9" el="124" ec="10" bec="0" bev="0" fileid="5" />
              </SequencePoints>
              <BranchPoints />
              <MethodPoint vc="0" uspid="155" ordinal="0" offset="0" />
            </Method>
            <Method visited="false" cyclomaticComplexity="1" nPathComplexity="0" sequenceCoverage="0" branchCoverage="0" isConstructor="false" isStatic="false" isGetter="false" isSetter="false">
              <Summary numSequencePoints="16" visitedSequencePoints="0" numBranchPoints="1" visitedBranchPoints="0" sequenceCoverage="0" branchCoverage="0" maxCyclomaticComplexity="1" minCyclomaticComplexity="1" visitedClasses="0" numClasses="0" visitedMethods="0" numMethods="1" />
              <MetadataToken>100663310</MetadataToken>
              <Name>System.Void ArgParser.Core.Test.ConsumptionRequestExtensions_Should::Return_The_SubSequent_Items()</Name>
              <FileRef uid="5" />
              <SequencePoints>
                <SequencePoint vc="0" uspid="156" ordinal="0" offset="0" sl="128" sc="9" el="128" ec="10" bec="0" bev="0" fileid="5" />
                <SequencePoint vc="0" uspid="157" ordinal="1" offset="1" sl="130" sc="13" el="130" ec="61" bec="0" bev="0" fileid="5" />
                <SequencePoint vc="0" uspid="158" ordinal="2" offset="29" sl="131" sc="13" el="131" ec="63" bec="0" bev="0" fileid="5" />
                <SequencePoint vc="0" uspid="159" ordinal="3" offset="57" sl="132" sc="13" el="132" ec="73" bec="0" bev="0" fileid="5" />
                <SequencePoint vc="0" uspid="160" ordinal="4" offset="85" sl="133" sc="13" el="133" ec="70" bec="0" bev="0" fileid="5" />
                <SequencePoint vc="0" uspid="161" ordinal="5" offset="113" sl="134" sc="13" el="134" ec="57" bec="0" bev="0" fileid="5" />
                <SequencePoint vc="0" uspid="162" ordinal="6" offset="122" sl="135" sc="13" el="135" ec="57" bec="0" bev="0" fileid="5" />
                <SequencePoint vc="0" uspid="163" ordinal="7" offset="131" sl="136" sc="13" el="136" ec="57" bec="0" bev="0" fileid="5" />
                <SequencePoint vc="0" uspid="164" ordinal="8" offset="140" sl="137" sc="13" el="137" ec="57" bec="0" bev="0" fileid="5" />
                <SequencePoint vc="0" uspid="165" ordinal="9" offset="149" sl="138" sc="13" el="138" ec="57" bec="0" bev="0" fileid="5" />
                <SequencePoint vc="0" uspid="166" ordinal="10" offset="158" sl="142" sc="13" el="142" ec="44" bec="0" bev="0" fileid="5" />
                <SequencePoint vc="0" uspid="167" ordinal="11" offset="186" sl="143" sc="13" el="143" ec="44" bec="0" bev="0" fileid="5" />
                <SequencePoint vc="0" uspid="168" ordinal="12" offset="214" sl="144" sc="13" el="144" ec="44" bec="0" bev="0" fileid="5" />
                <SequencePoint vc="0" uspid="169" ordinal="13" offset="242" sl="145" sc="13" el="145" ec="73" bec="0" bev="0" fileid="5" />
                <SequencePoint vc="0" uspid="170" ordinal="14" offset="281" sl="146" sc="13" el="146" ec="67" bec="0" bev="0" fileid="5" />
                <SequencePoint vc="0" uspid="171" ordinal="15" offset="320" sl="147" sc="9" el="147" ec="10" bec="0" bev="0" fileid="5" />
              </SequencePoints>
              <BranchPoints />
              <MethodPoint xsi:type="SequencePoint" vc="0" uspid="156" ordinal="0" offset="0" sl="128" sc="9" el="128" ec="10" bec="0" bev="0" fileid="5" />
            </Method>
            <Method visited="false" cyclomaticComplexity="1" nPathComplexity="0" sequenceCoverage="0" branchCoverage="0" isConstructor="true" isStatic="false" isGetter="false" isSetter="false">
              <Summary numSequencePoints="0" visitedSequencePoints="0" numBranchPoints="0" visitedBranchPoints="0" sequenceCoverage="0" branchCoverage="0" maxCyclomaticComplexity="1" minCyclomaticComplexity="1" visitedClasses="0" numClasses="0" visitedMethods="0" numMethods="0" />
              <MetadataToken>100663311</MetadataToken>
              <Name>System.Void ArgParser.Core.Test.ConsumptionRequestExtensions_Should::.ctor()</Name>
              <SequencePoints />
              <BranchPoints />
              <MethodPoint vc="0" uspid="172" ordinal="0" offset="0" />
            </Method>
          </Methods>
        </Class>
        <Class>
          <Summary numSequencePoints="1" visitedSequencePoints="0" numBranchPoints="1" visitedBranchPoints="0" sequenceCoverage="0" branchCoverage="0" maxCyclomaticComplexity="1" minCyclomaticComplexity="1" visitedClasses="0" numClasses="1" visitedMethods="0" numMethods="1" />
          <FullName>ArgParser.Core.Test.ConsumptionRequestExtensions_Should/&lt;&gt;c__DisplayClass2_0</FullName>
          <Methods>
            <Method visited="false" cyclomaticComplexity="1" nPathComplexity="0" sequenceCoverage="0" branchCoverage="0" isConstructor="true" isStatic="false" isGetter="false" isSetter="false">
              <Summary numSequencePoints="0" visitedSequencePoints="0" numBranchPoints="0" visitedBranchPoints="0" sequenceCoverage="0" branchCoverage="0" maxCyclomaticComplexity="1" minCyclomaticComplexity="1" visitedClasses="0" numClasses="0" visitedMethods="0" numMethods="0" />
              <MetadataToken>100663347</MetadataToken>
              <Name>System.Void ArgParser.Core.Test.ConsumptionRequestExtensions_Should/&lt;&gt;c__DisplayClass2_0::.ctor()</Name>
              <SequencePoints />
              <BranchPoints />
              <MethodPoint vc="0" uspid="173" ordinal="0" offset="0" />
            </Method>
            <Method visited="false" cyclomaticComplexity="1" nPathComplexity="0" sequenceCoverage="0" branchCoverage="0" isConstructor="false" isStatic="false" isGetter="false" isSetter="false">
              <Summary numSequencePoints="1" visitedSequencePoints="0" numBranchPoints="1" visitedBranchPoints="0" sequenceCoverage="0" branchCoverage="0" maxCyclomaticComplexity="1" minCyclomaticComplexity="1" visitedClasses="0" numClasses="0" visitedMethods="0" numMethods="1" />
              <MetadataToken>100663348</MetadataToken>
              <Name>System.Void ArgParser.Core.Test.ConsumptionRequestExtensions_Should/&lt;&gt;c__DisplayClass2_0::&lt;Return_The_First_Item&gt;b__0()</Name>
              <FileRef uid="5" />
              <SequencePoints>
                <SequencePoint vc="0" uspid="174" ordinal="0" offset="0" sl="65" sc="39" el="65" ec="51" bec="0" bev="0" fileid="5" />
              </SequencePoints>
              <BranchPoints />
              <MethodPoint xsi:type="SequencePoint" vc="0" uspid="174" ordinal="0" offset="0" sl="65" sc="39" el="65" ec="51" bec="0" bev="0" fileid="5" />
            </Method>
          </Methods>
        </Class>
        <Class>
          <Summary numSequencePoints="1" visitedSequencePoints="0" numBranchPoints="1" visitedBranchPoints="0" sequenceCoverage="0" branchCoverage="0" maxCyclomaticComplexity="1" minCyclomaticComplexity="1" visitedClasses="0" numClasses="1" visitedMethods="0" numMethods="1" />
          <FullName>ArgParser.Core.Test.ConsumptionRequestExtensions_Should/&lt;&gt;c__DisplayClass3_0</FullName>
          <Methods>
            <Method visited="false" cyclomaticComplexity="1" nPathComplexity="0" sequenceCoverage="0" branchCoverage="0" isConstructor="true" isStatic="false" isGetter="false" isSetter="false">
              <Summary numSequencePoints="0" visitedSequencePoints="0" numBranchPoints="0" visitedBranchPoints="0" sequenceCoverage="0" branchCoverage="0" maxCyclomaticComplexity="1" minCyclomaticComplexity="1" visitedClasses="0" numClasses="0" visitedMethods="0" numMethods="0" />
              <MetadataToken>100663349</MetadataToken>
              <Name>System.Void ArgParser.Core.Test.ConsumptionRequestExtensions_Should/&lt;&gt;c__DisplayClass3_0::.ctor()</Name>
              <SequencePoints />
              <BranchPoints />
              <MethodPoint vc="0" uspid="175" ordinal="0" offset="0" />
            </Method>
            <Method visited="false" cyclomaticComplexity="1" nPathComplexity="0" sequenceCoverage="0" branchCoverage="0" isConstructor="false" isStatic="false" isGetter="false" isSetter="false">
              <Summary numSequencePoints="1" visitedSequencePoints="0" numBranchPoints="1" visitedBranchPoints="0" sequenceCoverage="0" branchCoverage="0" maxCyclomaticComplexity="1" minCyclomaticComplexity="1" visitedClasses="0" numClasses="0" visitedMethods="0" numMethods="1" />
              <MetadataToken>100663350</MetadataToken>
              <Name>System.Void ArgParser.Core.Test.ConsumptionRequestExtensions_Should/&lt;&gt;c__DisplayClass3_0::&lt;Return_The_Last_Item&gt;b__0()</Name>
              <FileRef uid="5" />
              <SequencePoints>
                <SequencePoint vc="0" uspid="176" ordinal="0" offset="0" sl="89" sc="39" el="89" ec="50" bec="0" bev="0" fileid="5" />
              </SequencePoints>
              <BranchPoints />
              <MethodPoint xsi:type="SequencePoint" vc="0" uspid="176" ordinal="0" offset="0" sl="89" sc="39" el="89" ec="50" bec="0" bev="0" fileid="5" />
            </Method>
          </Methods>
        </Class>
        <Class>
          <Summary numSequencePoints="3" visitedSequencePoints="0" numBranchPoints="3" visitedBranchPoints="0" sequenceCoverage="0" branchCoverage="0" maxCyclomaticComplexity="1" minCyclomaticComplexity="1" visitedClasses="0" numClasses="1" visitedMethods="0" numMethods="3" />
          <FullName>ArgParser.Core.Test.ConsumptionRequestExtensions_Should/&lt;&gt;c__DisplayClass4_0</FullName>
          <Methods>
            <Method visited="false" cyclomaticComplexity="1" nPathComplexity="0" sequenceCoverage="0" branchCoverage="0" isConstructor="true" isStatic="false" isGetter="false" isSetter="false">
              <Summary numSequencePoints="0" visitedSequencePoints="0" numBranchPoints="0" visitedBranchPoints="0" sequenceCoverage="0" branchCoverage="0" maxCyclomaticComplexity="1" minCyclomaticComplexity="1" visitedClasses="0" numClasses="0" visitedMethods="0" numMethods="0" />
              <MetadataToken>100663351</MetadataToken>
              <Name>System.Void ArgParser.Core.Test.ConsumptionRequestExtensions_Should/&lt;&gt;c__DisplayClass4_0::.ctor()</Name>
              <SequencePoints />
              <BranchPoints />
              <MethodPoint vc="0" uspid="177" ordinal="0" offset="0" />
            </Method>
            <Method visited="false" cyclomaticComplexity="1" nPathComplexity="0" sequenceCoverage="0" branchCoverage="0" isConstructor="false" isStatic="false" isGetter="false" isSetter="false">
              <Summary numSequencePoints="1" visitedSequencePoints="0" numBranchPoints="1" visitedBranchPoints="0" sequenceCoverage="0" branchCoverage="0" maxCyclomaticComplexity="1" minCyclomaticComplexity="1" visitedClasses="0" numClasses="0" visitedMethods="0" numMethods="1" />
              <MetadataToken>100663352</MetadataToken>
              <Name>System.Void ArgParser.Core.Test.ConsumptionRequestExtensions_Should/&lt;&gt;c__DisplayClass4_0::&lt;Return_The_Next_Item&gt;b__0()</Name>
              <FileRef uid="5" />
              <SequencePoints>
                <SequencePoint vc="0" uspid="178" ordinal="0" offset="0" sl="113" sc="40" el="113" ec="51" bec="0" bev="0" fileid="5" />
              </SequencePoints>
              <BranchPoints />
              <MethodPoint xsi:type="SequencePoint" vc="0" uspid="178" ordinal="0" offset="0" sl="113" sc="40" el="113" ec="51" bec="0" bev="0" fileid="5" />
            </Method>
            <Method visited="false" cyclomaticComplexity="1" nPathComplexity="0" sequenceCoverage="0" branchCoverage="0" isConstructor="false" isStatic="false" isGetter="false" isSetter="false">
              <Summary numSequencePoints="1" visitedSequencePoints="0" numBranchPoints="1" visitedBranchPoints="0" sequenceCoverage="0" branchCoverage="0" maxCyclomaticComplexity="1" minCyclomaticComplexity="1" visitedClasses="0" numClasses="0" visitedMethods="0" numMethods="1" />
              <MetadataToken>100663353</MetadataToken>
              <Name>System.Void ArgParser.Core.Test.ConsumptionRequestExtensions_Should/&lt;&gt;c__DisplayClass4_0::&lt;Return_The_Next_Item&gt;b__1()</Name>
              <FileRef uid="5" />
              <SequencePoints>
                <SequencePoint vc="0" uspid="179" ordinal="0" offset="0" sl="114" sc="40" el="114" ec="51" bec="0" bev="0" fileid="5" />
              </SequencePoints>
              <BranchPoints />
              <MethodPoint xsi:type="SequencePoint" vc="0" uspid="179" ordinal="0" offset="0" sl="114" sc="40" el="114" ec="51" bec="0" bev="0" fileid="5" />
            </Method>
            <Method visited="false" cyclomaticComplexity="1" nPathComplexity="0" sequenceCoverage="0" branchCoverage="0" isConstructor="false" isStatic="false" isGetter="false" isSetter="false">
              <Summary numSequencePoints="1" visitedSequencePoints="0" numBranchPoints="1" visitedBranchPoints="0" sequenceCoverage="0" branchCoverage="0" maxCyclomaticComplexity="1" minCyclomaticComplexity="1" visitedClasses="0" numClasses="0" visitedMethods="0" numMethods="1" />
              <MetadataToken>100663354</MetadataToken>
              <Name>System.Void ArgParser.Core.Test.ConsumptionRequestExtensions_Should/&lt;&gt;c__DisplayClass4_0::&lt;Return_The_Next_Item&gt;b__2()</Name>
              <FileRef uid="5" />
              <SequencePoints>
                <SequencePoint vc="0" uspid="180" ordinal="0" offset="0" sl="115" sc="40" el="115" ec="51" bec="0" bev="0" fileid="5" />
              </SequencePoints>
              <BranchPoints />
              <MethodPoint xsi:type="SequencePoint" vc="0" uspid="180" ordinal="0" offset="0" sl="115" sc="40" el="115" ec="51" bec="0" bev="0" fileid="5" />
            </Method>
          </Methods>
        </Class>
        <Class>
          <Summary numSequencePoints="10" visitedSequencePoints="0" numBranchPoints="1" visitedBranchPoints="0" sequenceCoverage="0" branchCoverage="0" maxCyclomaticComplexity="3" minCyclomaticComplexity="1" visitedClasses="0" numClasses="1" visitedMethods="0" numMethods="1" />
          <FullName>ArgParser.Core.Test.ContextExtensions_Should</FullName>
          <Methods>
            <Method visited="false" cyclomaticComplexity="3" nPathComplexity="0" sequenceCoverage="0" branchCoverage="0" isConstructor="false" isStatic="false" isGetter="false" isSetter="false">
              <Summary numSequencePoints="10" visitedSequencePoints="0" numBranchPoints="1" visitedBranchPoints="0" sequenceCoverage="0" branchCoverage="0" maxCyclomaticComplexity="3" minCyclomaticComplexity="3" visitedClasses="0" numClasses="0" visitedMethods="0" numMethods="1" />
              <MetadataToken>100663312</MetadataToken>
              <Name>System.Void ArgParser.Core.Test.ContextExtensions_Should::Return_The_Path_To_Root_For_A_Parser()</Name>
              <FileRef uid="9" />
              <SequencePoints>
                <SequencePoint vc="0" uspid="181" ordinal="0" offset="0" sl="16" sc="9" el="16" ec="10" bec="0" bev="0" fileid="9" />
                <SequencePoint vc="0" uspid="182" ordinal="1" offset="1" sl="18" sc="13" el="18" ec="52" bec="0" bev="0" fileid="9" />
                <SequencePoint vc="0" uspid="183" ordinal="2" offset="7" sl="19" sc="13" el="19" ec="70" bec="0" bev="0" fileid="9" />
                <SequencePoint vc="0" uspid="184" ordinal="3" offset="13" sl="20" sc="13" el="21" ec="59" bec="0" bev="0" fileid="9" />
                <SequencePoint vc="0" uspid="185" ordinal="4" offset="139" sl="22" sc="13" el="22" ec="64" bec="0" bev="0" fileid="9" />
                <SequencePoint vc="0" uspid="186" ordinal="5" offset="145" sl="23" sc="13" el="23" ec="109" bec="0" bev="0" fileid="9" />
                <SequencePoint vc="0" uspid="187" ordinal="6" offset="280" sl="25" sc="13" el="25" ec="105" bec="0" bev="0" fileid="9" />
                <SequencePoint vc="0" uspid="188" ordinal="7" offset="355" sl="26" sc="13" el="26" ec="99" bec="0" bev="0" fileid="9" />
                <SequencePoint vc="0" uspid="189" ordinal="8" offset="430" sl="30" sc="13" el="30" ec="136" bec="0" bev="0" fileid="9" />
                <SequencePoint vc="0" uspid="190" ordinal="9" offset="523" sl="31" sc="9" el="31" ec="10" bec="0" bev="0" fileid="9" />
              </SequencePoints>
              <BranchPoints />
              <MethodPoint xsi:type="SequencePoint" vc="0" uspid="181" ordinal="0" offset="0" sl="16" sc="9" el="16" ec="10" bec="0" bev="0" fileid="9" />
            </Method>
            <Method visited="false" cyclomaticComplexity="1" nPathComplexity="0" sequenceCoverage="0" branchCoverage="0" isConstructor="true" isStatic="false" isGetter="false" isSetter="false">
              <Summary numSequencePoints="0" visitedSequencePoints="0" numBranchPoints="0" visitedBranchPoints="0" sequenceCoverage="0" branchCoverage="0" maxCyclomaticComplexity="1" minCyclomaticComplexity="1" visitedClasses="0" numClasses="0" visitedMethods="0" numMethods="0" />
              <MetadataToken>100663313</MetadataToken>
              <Name>System.Void ArgParser.Core.Test.ContextExtensions_Should::.ctor()</Name>
              <SequencePoints />
              <BranchPoints />
              <MethodPoint vc="0" uspid="195" ordinal="0" offset="0" />
            </Method>
          </Methods>
        </Class>
        <Class>
          <Summary numSequencePoints="2" visitedSequencePoints="0" numBranchPoints="2" visitedBranchPoints="0" sequenceCoverage="0" branchCoverage="0" maxCyclomaticComplexity="1" minCyclomaticComplexity="1" visitedClasses="0" numClasses="1" visitedMethods="0" numMethods="2" />
          <FullName>ArgParser.Core.Test.ContextExtensions_Should/&lt;&gt;c</FullName>
          <Methods>
            <Method visited="false" cyclomaticComplexity="1" nPathComplexity="0" sequenceCoverage="0" branchCoverage="0" isConstructor="true" isStatic="true" isGetter="false" isSetter="false">
              <Summary numSequencePoints="0" visitedSequencePoints="0" numBranchPoints="0" visitedBranchPoints="0" sequenceCoverage="0" branchCoverage="0" maxCyclomaticComplexity="1" minCyclomaticComplexity="1" visitedClasses="0" numClasses="0" visitedMethods="0" numMethods="0" />
              <MetadataToken>100663355</MetadataToken>
              <Name>System.Void ArgParser.Core.Test.ContextExtensions_Should/&lt;&gt;c::.cctor()</Name>
              <SequencePoints />
              <BranchPoints />
              <MethodPoint vc="0" uspid="196" ordinal="0" offset="0" />
            </Method>
            <Method visited="false" cyclomaticComplexity="1" nPathComplexity="0" sequenceCoverage="0" branchCoverage="0" isConstructor="true" isStatic="false" isGetter="false" isSetter="false">
              <Summary numSequencePoints="0" visitedSequencePoints="0" numBranchPoints="0" visitedBranchPoints="0" sequenceCoverage="0" branchCoverage="0" maxCyclomaticComplexity="1" minCyclomaticComplexity="1" visitedClasses="0" numClasses="0" visitedMethods="0" numMethods="0" />
              <MetadataToken>100663356</MetadataToken>
              <Name>System.Void ArgParser.Core.Test.ContextExtensions_Should/&lt;&gt;c::.ctor()</Name>
              <SequencePoints />
              <BranchPoints />
              <MethodPoint vc="0" uspid="197" ordinal="0" offset="0" />
            </Method>
            <Method visited="false" cyclomaticComplexity="1" nPathComplexity="0" sequenceCoverage="0" branchCoverage="0" isConstructor="false" isStatic="false" isGetter="false" isSetter="false">
              <Summary numSequencePoints="1" visitedSequencePoints="0" numBranchPoints="1" visitedBranchPoints="0" sequenceCoverage="0" branchCoverage="0" maxCyclomaticComplexity="1" minCyclomaticComplexity="1" visitedClasses="0" numClasses="0" visitedMethods="0" numMethods="1" />
              <MetadataToken>100663357</MetadataToken>
              <Name>ArgParser.Core.Parser ArgParser.Core.Test.ContextExtensions_Should/&lt;&gt;c::&lt;Return_The_Path_To_Root_For_A_Parser&gt;b__0_2(System.String)</Name>
              <FileRef uid="9" />
              <SequencePoints>
                <SequencePoint vc="0" uspid="198" ordinal="0" offset="0" sl="23" sc="94" el="23" ec="107" bec="0" bev="0" fileid="9" />
              </SequencePoints>
              <BranchPoints />
              <MethodPoint xsi:type="SequencePoint" vc="0" uspid="198" ordinal="0" offset="0" sl="23" sc="94" el="23" ec="107" bec="0" bev="0" fileid="9" />
            </Method>
            <Method visited="false" cyclomaticComplexity="1" nPathComplexity="0" sequenceCoverage="0" branchCoverage="0" isConstructor="false" isStatic="false" isGetter="false" isSetter="false">
              <Summary numSequencePoints="1" visitedSequencePoints="0" numBranchPoints="1" visitedBranchPoints="0" sequenceCoverage="0" branchCoverage="0" maxCyclomaticComplexity="1" minCyclomaticComplexity="1" visitedClasses="0" numClasses="0" visitedMethods="0" numMethods="1" />
              <MetadataToken>100663358</MetadataToken>
              <Name>System.String ArgParser.Core.Test.ContextExtensions_Should/&lt;&gt;c::&lt;Return_The_Path_To_Root_For_A_Parser&gt;b__0_5(ArgParser.Core.Parser)</Name>
              <FileRef uid="9" />
              <SequencePoints>
                <SequencePoint vc="0" uspid="199" ordinal="0" offset="0" sl="30" sc="64" el="30" ec="68" bec="0" bev="0" fileid="9" />
              </SequencePoints>
              <BranchPoints />
              <MethodPoint xsi:type="SequencePoint" vc="0" uspid="199" ordinal="0" offset="0" sl="30" sc="64" el="30" ec="68" bec="0" bev="0" fileid="9" />
            </Method>
          </Methods>
        </Class>
        <Class>
          <Summary numSequencePoints="17" visitedSequencePoints="0" numBranchPoints="3" visitedBranchPoints="0" sequenceCoverage="0" branchCoverage="0" maxCyclomaticComplexity="1" minCyclomaticComplexity="1" visitedClasses="0" numClasses="1" visitedMethods="0" numMethods="3" />
          <FullName>ArgParser.Core.Test.FullHelp_Should</FullName>
          <Methods>
            <Method visited="false" cyclomaticComplexity="1" nPathComplexity="0" sequenceCoverage="0" branchCoverage="0" isConstructor="false" isStatic="false" isGetter="false" isSetter="false">
              <Summary numSequencePoints="5" visitedSequencePoints="0" numBranchPoints="1" visitedBranchPoints="0" sequenceCoverage="0" branchCoverage="0" maxCyclomaticComplexity="1" minCyclomaticComplexity="1" visitedClasses="0" numClasses="0" visitedMethods="0" numMethods="1" />
              <MetadataToken>100663314</MetadataToken>
              <Name>System.Void ArgParser.Core.Test.FullHelp_Should::Allow_Examples_To_Be_Added()</Name>
              <FileRef uid="11" />
              <SequencePoints>
                <SequencePoint vc="0" uspid="200" ordinal="0" offset="0" sl="11" sc="9" el="11" ec="10" bec="0" bev="0" fileid="11" />
                <SequencePoint vc="0" uspid="201" ordinal="1" offset="1" sl="13" sc="13" el="13" ec="39" bec="0" bev="0" fileid="11" />
                <SequencePoint vc="0" uspid="202" ordinal="2" offset="7" sl="16" sc="13" el="16" ec="44" bec="0" bev="0" fileid="11" />
                <SequencePoint vc="0" uspid="203" ordinal="3" offset="19" sl="19" sc="13" el="19" ec="49" bec="0" bev="0" fileid="11" />
                <SequencePoint vc="0" uspid="204" ordinal="4" offset="47" sl="20" sc="9" el="20" ec="10" bec="0" bev="0" fileid="11" />
              </SequencePoints>
              <BranchPoints />
              <MethodPoint xsi:type="SequencePoint" vc="0" uspid="200" ordinal="0" offset="0" sl="11" sc="9" el="11" ec="10" bec="0" bev="0" fileid="11" />
            </Method>
            <Method visited="false" cyclomaticComplexity="1" nPathComplexity="0" sequenceCoverage="0" branchCoverage="0" isConstructor="false" isStatic="false" isGetter="false" isSetter="false">
              <Summary numSequencePoints="7" visitedSequencePoints="0" numBranchPoints="1" visitedBranchPoints="0" sequenceCoverage="0" branchCoverage="0" maxCyclomaticComplexity="1" minCyclomaticComplexity="1" visitedClasses="0" numClasses="0" visitedMethods="0" numMethods="1" />
              <MetadataToken>100663315</MetadataToken>
              <Name>System.Void ArgParser.Core.Test.FullHelp_Should::Only_Allow_Examples_To_Be_Added_More_Than_Once()</Name>
              <FileRef uid="11" />
              <SequencePoints>
                <SequencePoint vc="0" uspid="205" ordinal="0" offset="0" sl="24" sc="9" el="24" ec="10" bec="0" bev="0" fileid="11" />
                <SequencePoint vc="0" uspid="206" ordinal="1" offset="1" sl="26" sc="13" el="26" ec="39" bec="0" bev="0" fileid="11" />
                <SequencePoint vc="0" uspid="207" ordinal="2" offset="7" sl="29" sc="13" el="29" ec="41" bec="0" bev="0" fileid="11" />
                <SequencePoint vc="0" uspid="208" ordinal="3" offset="13" sl="30" sc="13" el="30" ec="38" bec="0" bev="0" fileid="11" />
                <SequencePoint vc="0" uspid="209" ordinal="4" offset="21" sl="31" sc="13" el="31" ec="38" bec="0" bev="0" fileid="11" />
                <SequencePoint vc="0" uspid="210" ordinal="5" offset="29" sl="34" sc="13" el="34" ec="49" bec="0" bev="0" fileid="11" />
                <SequencePoint vc="0" uspid="211" ordinal="6" offset="57" sl="35" sc="9" el="35" ec="10" bec="0" bev="0" fileid="11" />
              </SequencePoints>
              <BranchPoints />
              <MethodPoint xsi:type="SequencePoint" vc="0" uspid="205" ordinal="0" offset="0" sl="24" sc="9" el="24" ec="10" bec="0" bev="0" fileid="11" />
            </Method>
            <Method visited="false" cyclomaticComplexity="1" nPathComplexity="0" sequenceCoverage="0" branchCoverage="0" isConstructor="false" isStatic="false" isGetter="false" isSetter="false">
              <Summary numSequencePoints="5" visitedSequencePoints="0" numBranchPoints="1" visitedBranchPoints="0" sequenceCoverage="0" branchCoverage="0" maxCyclomaticComplexity="1" minCyclomaticComplexity="1" visitedClasses="0" numClasses="0" visitedMethods="0" numMethods="1" />
              <MetadataToken>100663316</MetadataToken>
              <Name>System.Void ArgParser.Core.Test.FullHelp_Should::Throw_If_Given_Bad_Values()</Name>
              <FileRef uid="11" />
              <SequencePoints>
                <SequencePoint vc="0" uspid="212" ordinal="0" offset="6" sl="39" sc="9" el="39" ec="10" bec="0" bev="0" fileid="11" />
                <SequencePoint vc="0" uspid="213" ordinal="1" offset="7" sl="41" sc="13" el="41" ec="39" bec="0" bev="0" fileid="11" />
                <SequencePoint vc="0" uspid="214" ordinal="2" offset="18" sl="42" sc="13" el="42" ec="61" bec="0" bev="0" fileid="11" />
                <SequencePoint vc="0" uspid="215" ordinal="3" offset="31" sl="46" sc="13" el="46" ec="64" bec="0" bev="0" fileid="11" />
[...]
                <SequencePoint vc="0" uspid="1398" ordinal="1" offset="1" sl="28" sc="79" el="28" ec="80" bec="0" bev="0" fileid="131" />
              </SequencePoints>
              <BranchPoints />
              <MethodPoint xsi:type="SequencePoint" vc="0" uspid="1397" ordinal="0" offset="0" sl="28" sc="77" el="28" ec="78" bec="0" bev="0" fileid="131" />
            </Method>
          </Methods>
        </Class>
        <Class>
          <Summary numSequencePoints="8" visitedSequencePoints="0" numBranchPoints="1" visitedBranchPoints="0" sequenceCoverage="0" branchCoverage="0" maxCyclomaticComplexity="1" minCyclomaticComplexity="1" visitedClasses="0" numClasses="1" visitedMethods="0" numMethods="1" />
          <FullName>ArgParser.Styles.Alba.Test.ParserHelpTemplate_Should</FullName>
          <Methods>
            <Method visited="false" cyclomaticComplexity="1" nPathComplexity="0" sequenceCoverage="0" branchCoverage="0" isConstructor="false" isStatic="false" isGetter="false" isSetter="false">
              <Summary numSequencePoints="8" visitedSequencePoints="0" numBranchPoints="1" visitedBranchPoints="0" sequenceCoverage="0" branchCoverage="0" maxCyclomaticComplexity="1" minCyclomaticComplexity="1" visitedClasses="0" numClasses="0" visitedMethods="0" numMethods="1" />
              <MetadataToken>100663323</MetadataToken>
              <Name>System.Void ArgParser.Styles.Alba.Test.ParserHelpTemplate_Should::Create_A_Document()</Name>
              <FileRef uid="133" />
              <SequencePoints>
                <SequencePoint vc="0" uspid="1399" ordinal="0" offset="0" sl="13" sc="9" el="13" ec="10" bec="0" bev="0" fileid="133" />
                <SequencePoint vc="0" uspid="1400" ordinal="1" offset="1" sl="15" sc="13" el="16" ec="33" bec="0" bev="0" fileid="133" />
                <SequencePoint vc="0" uspid="1401" ordinal="2" offset="12" sl="17" sc="13" el="17" ec="71" bec="0" bev="0" fileid="133" />
                <SequencePoint vc="0" uspid="1402" ordinal="3" offset="34" sl="18" sc="13" el="22" ec="15" bec="0" bev="0" fileid="133" />
                <SequencePoint vc="0" uspid="1403" ordinal="4" offset="60" sl="23" sc="13" el="29" ec="15" bec="0" bev="0" fileid="133" />
                <SequencePoint vc="0" uspid="1404" ordinal="5" offset="107" sl="32" sc="13" el="32" ec="41" bec="0" bev="0" fileid="133" />
                <SequencePoint vc="0" uspid="1405" ordinal="6" offset="115" sl="35" sc="13" el="35" ec="38" bec="0" bev="0" fileid="133" />
                <SequencePoint vc="0" uspid="1406" ordinal="7" offset="138" sl="36" sc="9" el="36" ec="10" bec="0" bev="0" fileid="133" />
              </SequencePoints>
              <BranchPoints />
              <MethodPoint xsi:type="SequencePoint" vc="0" uspid="1399" ordinal="0" offset="0" sl="13" sc="9" el="13" ec="10" bec="0" bev="0" fileid="133" />
            </Method>
            <Method visited="false" cyclomaticComplexity="1" nPathComplexity="0" sequenceCoverage="0" branchCoverage="0" isConstructor="true" isStatic="false" isGetter="false" isSetter="false">
              <Summary numSequencePoints="0" visitedSequencePoints="0" numBranchPoints="0" visitedBranchPoints="0" sequenceCoverage="0" branchCoverage="0" maxCyclomaticComplexity="1" minCyclomaticComplexity="1" visitedClasses="0" numClasses="0" visitedMethods="0" numMethods="0" />
              <MetadataToken>100663324</MetadataToken>
              <Name>System.Void ArgParser.Styles.Alba.Test.ParserHelpTemplate_Should::.ctor()</Name>
              <SequencePoints />
              <BranchPoints />
              <MethodPoint vc="0" uspid="1407" ordinal="0" offset="0" />
            </Method>
          </Methods>
        </Class>
        <Class>
          <Summary numSequencePoints="8" visitedSequencePoints="0" numBranchPoints="1" visitedBranchPoints="0" sequenceCoverage="0" branchCoverage="0" maxCyclomaticComplexity="1" minCyclomaticComplexity="1" visitedClasses="0" numClasses="1" visitedMethods="0" numMethods="1" />
          <FullName>ArgParser.Styles.Alba.Test.Theme_Should</FullName>
          <Methods>
            <Method visited="false" cyclomaticComplexity="1" nPathComplexity="0" sequenceCoverage="0" branchCoverage="0" isConstructor="false" isStatic="false" isGetter="false" isSetter="false">
              <Summary numSequencePoints="8" visitedSequencePoints="0" numBranchPoints="1" visitedBranchPoints="0" sequenceCoverage="0" branchCoverage="0" maxCyclomaticComplexity="1" minCyclomaticComplexity="1" visitedClasses="0" numClasses="0" visitedMethods="0" numMethods="1" />
              <MetadataToken>100663325</MetadataToken>
              <Name>System.Void ArgParser.Styles.Alba.Test.Theme_Should::Allow_New_Themes_To_Be_Created()</Name>
              <FileRef uid="134" />
              <SequencePoints>
                <SequencePoint vc="0" uspid="1408" ordinal="0" offset="0" sl="11" sc="9" el="11" ec="10" bec="0" bev="0" fileid="134" />
                <SequencePoint vc="0" uspid="1409" ordinal="1" offset="1" sl="13" sc="13" el="14" ec="39" bec="0" bev="0" fileid="134" />
                <SequencePoint vc="0" uspid="1410" ordinal="2" offset="17" sl="18" sc="13" el="18" ec="66" bec="0" bev="0" fileid="134" />
                <SequencePoint vc="0" uspid="1411" ordinal="3" offset="56" sl="19" sc="13" el="19" ec="71" bec="0" bev="0" fileid="134" />
                <SequencePoint vc="0" uspid="1412" ordinal="4" offset="95" sl="20" sc="13" el="20" ec="61" bec="0" bev="0" fileid="134" />
                <SequencePoint vc="0" uspid="1413" ordinal="5" offset="134" sl="21" sc="13" el="21" ec="64" bec="0" bev="0" fileid="134" />
                <SequencePoint vc="0" uspid="1414" ordinal="6" offset="173" sl="22" sc="13" el="22" ec="65" bec="0" bev="0" fileid="134" />
                <SequencePoint vc="0" uspid="1415" ordinal="7" offset="212" sl="23" sc="9" el="23" ec="10" bec="0" bev="0" fileid="134" />
              </SequencePoints>
              <BranchPoints />
              <MethodPoint xsi:type="SequencePoint" vc="0" uspid="1408" ordinal="0" offset="0" sl="11" sc="9" el="11" ec="10" bec="0" bev="0" fileid="134" />
            </Method>
            <Method visited="false" cyclomaticComplexity="1" nPathComplexity="0" sequenceCoverage="0" branchCoverage="0" isConstructor="true" isStatic="false" isGetter="false" isSetter="false">
              <Summary numSequencePoints="0" visitedSequencePoints="0" numBranchPoints="0" visitedBranchPoints="0" sequenceCoverage="0" branchCoverage="0" maxCyclomaticComplexity="1" minCyclomaticComplexity="1" visitedClasses="0" numClasses="0" visitedMethods="0" numMethods="0" />
              <MetadataToken>100663326</MetadataToken>
              <Name>System.Void ArgParser.Styles.Alba.Test.Theme_Should::.ctor()</Name>
              <SequencePoints />
              <BranchPoints />
              <MethodPoint vc="0" uspid="1416" ordinal="0" offset="0" />
            </Method>
          </Methods>
        </Class>
      </Classes>
    </Module>
    <Module skippedDueTo="MissingPdb" hash="A5-B7-BC-42-9C-AA-2C-7A-42-E2-43-5A-2F-7B-F3-B2-00-B1-CB-E6">
      <ModulePath>C:\projects\arg-parser\ArgParser\packages\xunit.runner.console.2.4.1\tools\net472\xunit.runner.utility.net452.dll</ModulePath>
      <ModuleTime>2018-10-29T11:17:04Z</ModuleTime>
      <ModuleName>xunit.runner.utility.net452</ModuleName>
      <Classes />
    </Module>
    <Module skippedDueTo="MissingPdb" hash="5F-CF-DD-0E-70-9D-BB-8C-09-CC-2C-A3-F2-CB-26-21-92-02-AD-EB">
      <ModulePath>C:\Users\master\AppData\Local\Temp\72af6e8c-6124-45aa-ba1a-c5f8a1c2955a\72af6e8c-6124-45aa-ba1a-c5f8a1c2955a\assembly\dl3\653e7759\000f7012_e83cd401\xunit.abstractions.dll</ModulePath>
      <ModuleTime>2018-11-18T23:14:03.7008062Z</ModuleTime>
      <ModuleName>xunit.abstractions</ModuleName>
      <Classes />
    </Module>
    <Module skippedDueTo="MissingPdb" hash="1D-38-FA-64-8C-19-3B-5A-2F-20-D8-11-BB-40-9E-11-85-D9-1B-CD">
      <ModulePath>C:\Users\master\AppData\Local\Temp\72af6e8c-6124-45aa-ba1a-c5f8a1c2955a\72af6e8c-6124-45aa-ba1a-c5f8a1c2955a\assembly\dl3\a9520f17\005e36e9_786fd401\xunit.execution.desktop.dll</ModulePath>
      <ModuleTime>2018-11-18T23:14:03.7277348Z</ModuleTime>
      <ModuleName>xunit.execution.desktop</ModuleName>
      <Classes />
    </Module>
    <Module skippedDueTo="Filter" hash="BA-D5-C6-DC-0C-59-DA-6B-C8-40-22-29-40-86-10-C6-40-6D-57-E5">
      <ModulePath>C:\WINDOWS\Microsoft.Net\assembly\GAC_MSIL\System\v4.0_4.0.0.0__b77a5c561934e089\System.dll</ModulePath>
      <ModuleTime>2018-08-14T02:15:16.7427109Z</ModuleTime>
      <ModuleName>System</ModuleName>
      <Classes />
    </Module>
    <Module skippedDueTo="MissingPdb" hash="C2-DB-CA-D5-7A-5E-1A-7B-36-7B-74-48-49-A4-8B-95-12-BD-96-E7">
      <ModulePath>C:\Users\master\AppData\Local\Temp\72af6e8c-6124-45aa-ba1a-c5f8a1c2955a\72af6e8c-6124-45aa-ba1a-c5f8a1c2955a\assembly\dl3\77a8b16e\b1a25be2_917fd401\ArgParser.Styles.Alba.Test.dll</ModulePath>
      <ModuleTime>2018-11-18T23:14:03.7601528Z</ModuleTime>
      <ModuleName>ArgParser.Styles.Alba.Test</ModuleName>
      <Classes />
    </Module>
    <Module skippedDueTo="MissingPdb" hash="49-6D-42-03-C6-53-6E-72-1F-76-78-AB-9F-52-DB-CC-3D-43-28-41">
      <ModulePath>C:\projects\arg-parser\ArgParser\packages\xunit.runner.console.2.4.1\tools\net472\xunit.console.exe</ModulePath>
      <ModuleTime>2018-10-29T11:17:04Z</ModuleTime>
      <ModuleName>xunit.console</ModuleName>
      <Classes />
    </Module>
    <Module skippedDueTo="MissingPdb" hash="EC-C0-2D-AD-FC-F0-70-BA-BC-F3-D2-B5-83-9B-3E-CD-9E-91-10-AA">
      <ModulePath>C:\Users\master\AppData\Local\Temp\72af6e8c-6124-45aa-ba1a-c5f8a1c2955a\72af6e8c-6124-45aa-ba1a-c5f8a1c2955a\assembly\dl3\3cb7e02b\003105e8_786fd401\xunit.core.dll</ModulePath>
      <ModuleTime>2018-11-18T23:14:03.7820947Z</ModuleTime>
      <ModuleName>xunit.core</ModuleName>
      <Classes />
    </Module>
    <Module skippedDueTo="Filter" hash="D8-D0-AA-44-01-A4-68-06-BB-05-E0-D9-50-C0-0E-34-3C-7C-4B-7C">
      <ModulePath>C:\WINDOWS\Microsoft.Net\assembly\GAC_MSIL\System.Core\v4.0_4.0.0.0__b77a5c561934e089\System.Core.dll</ModulePath>
      <ModuleTime>2018-09-11T01:30:33.1251512Z</ModuleTime>
      <ModuleName>System.Core</ModuleName>
      <Classes />
    </Module>
    <Module skippedDueTo="Filter" hash="F1-67-10-FE-CA-06-2B-45-18-C0-DB-E8-DB-07-A4-7E-5B-25-BD-51">
      <ModulePath>C:\WINDOWS\Microsoft.Net\assembly\GAC_MSIL\System.Runtime\v4.0_4.0.0.0__b03f5f7f11d50a3a\System.Runtime.dll</ModulePath>
      <ModuleTime>2018-04-11T23:35:18.1697369Z</ModuleTime>
      <ModuleName>System.Runtime</ModuleName>
      <Classes />
    </Module>
    <Module skippedDueTo="Filter" hash="F4-54-C7-59-FD-61-E7-47-4E-0A-64-35-96-3E-28-5D-B6-8C-21-86">
      <ModulePath>C:\WINDOWS\Microsoft.Net\assembly\GAC_MSIL\System.Threading.Tasks\v4.0_4.0.0.0__b03f5f7f11d50a3a\System.Threading.Tasks.dll</ModulePath>
      <ModuleTime>2018-04-11T23:35:16.8102601Z</ModuleTime>
      <ModuleName>System.Threading.Tasks</ModuleName>
      <Classes />
    </Module>
    <Module skippedDueTo="Filter" hash="26-E0-34-D3-A9-C4-33-7A-2B-12-1B-03-1E-48-23-95-AB-44-04-80">
      <ModulePath>C:\WINDOWS\Microsoft.Net\assembly\GAC_MSIL\System.Collections\v4.0_4.0.0.0__b03f5f7f11d50a3a\System.Collections.dll</ModulePath>
      <ModuleTime>2018-04-11T23:35:19.74798Z</ModuleTime>
      <ModuleName>System.Collections</ModuleName>
      <Classes />
    </Module>
    <Module skippedDueTo="MissingPdb" hash="22-C9-53-53-F5-35-11-84-EE-4E-85-4C-83-D6-A1-CC-6F-D3-0B-EC">
      <ModulePath>C:\Users\master\AppData\Local\Temp\72af6e8c-6124-45aa-ba1a-c5f8a1c2955a\72af6e8c-6124-45aa-ba1a-c5f8a1c2955a\assembly\dl3\e080befb\8034e8e1_917fd401\ArgParser.Styles.Alba.dll</ModulePath>
      <ModuleTime>2018-11-18T23:14:03.9616143Z</ModuleTime>
      <ModuleName>ArgParser.Styles.Alba</ModuleName>
      <Classes />
    </Module>
    <Module skippedDueTo="MissingPdb" hash="B7-1D-3F-3E-98-7D-D0-3B-33-21-8C-C9-79-1C-79-06-42-BB-F6-6D">
      <ModulePath>C:\WINDOWS\Microsoft.Net\assembly\GAC_MSIL\netstandard\v4.0_2.0.0.0__cc7b13ffcd2ddd51\netstandard.dll</ModulePath>
      <ModuleTime>2018-04-11T23:35:16.794634Z</ModuleTime>
      <ModuleName>netstandard</ModuleName>
      <Classes />
    </Module>
    <Module skippedDueTo="MissingPdb" hash="C5-91-F7-24-74-EE-6C-65-D3-3F-C4-30-65-87-45-6D-38-2C-9C-AC">
      <ModulePath>C:\Users\master\AppData\Local\Temp\72af6e8c-6124-45aa-ba1a-c5f8a1c2955a\72af6e8c-6124-45aa-ba1a-c5f8a1c2955a\assembly\dl3\97952aed\00a6cc4f_9847d401\Moq.dll</ModulePath>
      <ModuleTime>2018-11-18T23:14:03.9606166Z</ModuleTime>
      <ModuleName>Moq</ModuleName>
      <Classes />
    </Module>
    <Module skippedDueTo="MissingPdb" hash="7E-15-0D-D3-E2-80-28-69-0A-EA-7E-5D-62-64-D4-07-F9-6B-D2-BB">
      <ModulePath>C:\Users\master\AppData\Local\Temp\72af6e8c-6124-45aa-ba1a-c5f8a1c2955a\72af6e8c-6124-45aa-ba1a-c5f8a1c2955a\assembly\dl3\f494edbf\ea3bade1_917fd401\ArgParser.Styles.dll</ModulePath>
      <ModuleTime>2018-11-18T23:14:03.9616143Z</ModuleTime>
      <ModuleName>ArgParser.Styles</ModuleName>
      <Classes />
    </Module>
    <Module skippedDueTo="MissingPdb" hash="09-70-EE-97-9A-31-9A-2D-6A-5C-FF-8E-EA-52-0A-DB-B9-12-E3-D2">
      <ModulePath>C:\Users\master\AppData\Local\Temp\72af6e8c-6124-45aa-ba1a-c5f8a1c2955a\72af6e8c-6124-45aa-ba1a-c5f8a1c2955a\assembly\dl3\ada174c5\d13132e1_917fd401\ArgParser.Core.dll</ModulePath>
      <ModuleTime>2018-11-18T23:14:03.9845529Z</ModuleTime>
      <ModuleName>ArgParser.Core</ModuleName>
      <Classes />
    </Module>
    <Module skippedDueTo="MissingPdb" hash="E9-0F-DA-7A-C1-35-3A-78-7F-F5-C8-E3-0B-B5-FF-92-99-E8-25-8C">
      <ModulePath>C:\Users\master\AppData\Local\Temp\72af6e8c-6124-45aa-ba1a-c5f8a1c2955a\72af6e8c-6124-45aa-ba1a-c5f8a1c2955a\assembly\dl3\36e09816\0018f8c3_53bcd301\Alba.CsConsoleFormat.dll</ModulePath>
      <ModuleTime>2018-11-18T23:14:03.9905368Z</ModuleTime>
      <ModuleName>Alba.CsConsoleFormat</ModuleName>
      <Classes />
    </Module>
    <Module skippedDueTo="Filter" hash="25-09-B1-67-AA-A2-32-47-FC-70-CF-00-3B-B2-4B-13-64-CB-77-AE">
      <ModulePath>C:\WINDOWS\Microsoft.Net\assembly\GAC_MSIL\System.Xaml\v4.0_4.0.0.0__b77a5c561934e089\System.Xaml.dll</ModulePath>
      <ModuleTime>2018-09-11T01:30:32.93765Z</ModuleTime>
      <ModuleName>System.Xaml</ModuleName>
      <Classes />
    </Module>
    <Module skippedDueTo="MissingPdb" hash="B1-26-90-4C-C8-04-B3-28-56-B4-E4-FD-4C-70-09-F4-7E-68-29-F6">
      <ModulePath>C:\Users\master\AppData\Local\Temp\72af6e8c-6124-45aa-ba1a-c5f8a1c2955a\72af6e8c-6124-45aa-ba1a-c5f8a1c2955a\assembly\dl3\b627bede\00f0aad4_d77dd401\FluentAssertions.dll</ModulePath>
      <ModuleTime>2018-11-18T23:14:03.9885424Z</ModuleTime>
      <ModuleName>FluentAssertions</ModuleName>
      <Classes />
    </Module>
    <Module skippedDueTo="MissingPdb" hash="84-83-8F-DB-5A-C9-09-15-6A-88-BE-A2-42-B6-32-FD-9E-C3-BB-E7">
      <ModulePath>C:\Users\master\AppData\Local\Temp\72af6e8c-6124-45aa-ba1a-c5f8a1c2955a\72af6e8c-6124-45aa-ba1a-c5f8a1c2955a\assembly\dl3\06572998\c18503e2_917fd401\ArgParser.Testing.Common.dll</ModulePath>
      <ModuleTime>2018-11-18T23:14:04.0084892Z</ModuleTime>
      <ModuleName>ArgParser.Testing.Common</ModuleName>
      <Classes />
    </Module>
    <Module skippedDueTo="Filter" hash="B6-3D-95-5E-A1-F2-3D-D5-61-A7-8A-59-69-72-6D-F6-FF-70-71-9F">
      <ModulePath>C:\Users\master\AppData\Local\Temp\72af6e8c-6124-45aa-ba1a-c5f8a1c2955a\72af6e8c-6124-45aa-ba1a-c5f8a1c2955a\assembly\dl3\ef55457e\00e8c102_d5fdd301\System.Threading.Tasks.Extensions.dll</ModulePath>
      <ModuleTime>2018-11-18T23:14:04.0488898Z</ModuleTime>
      <ModuleName>System.Threading.Tasks.Extensions</ModuleName>
      <Classes />
    </Module>
    <Module skippedDueTo="Filter" hash="D1-66-47-31-71-9E-85-AA-D7-A2-27-36-85-D7-7F-EB-02-04-EC-98">
      <ModulePath>C:\Users\master\AppData\Local\Temp\72af6e8c-6124-45aa-ba1a-c5f8a1c2955a\72af6e8c-6124-45aa-ba1a-c5f8a1c2955a\assembly\dl3\de236c2a\00a0477a_8becd301\System.ValueTuple.dll</ModulePath>
      <ModuleTime>2018-11-18T23:14:04.0658445Z</ModuleTime>
      <ModuleName>System.ValueTuple</ModuleName>
      <Classes />
    </Module>
    <Module skippedDueTo="MissingPdb" hash="F6-5C-76-67-D3-71-F6-47-5E-E0-F6-7C-C8-B0-3F-C8-3F-1E-68-EC">
      <ModulePath>C:\Users\master\AppData\Local\Temp\72af6e8c-6124-45aa-ba1a-c5f8a1c2955a\72af6e8c-6124-45aa-ba1a-c5f8a1c2955a\assembly\dl3\5efa0ca8\009f8bc7_53bcd301\Alba.CsConsoleFormat.ColorfulConsole.dll</ModulePath>
      <ModuleTime>2018-11-18T23:14:04.0847937Z</ModuleTime>
      <ModuleName>Alba.CsConsoleFormat.ColorfulConsole</ModuleName>
      <Classes />
    </Module>
    <Module skippedDueTo="Filter" hash="F2-26-5B-FA-55-E9-5B-BC-DD-3A-32-56-2C-38-71-11-1A-8E-6D-32">
      <ModulePath>C:\WINDOWS\Microsoft.Net\assembly\GAC_MSIL\System.Xml\v4.0_4.0.0.0__b77a5c561934e089\System.Xml.dll</ModulePath>
      <ModuleTime>2018-04-11T23:35:17.0290261Z</ModuleTime>
      <ModuleName>System.Xml</ModuleName>
      <Classes />
    </Module>
    <Module skippedDueTo="MissingPdb" hash="04-E9-C9-8D-81-2A-18-0D-95-44-41-F4-12-25-FF-D6-EB-6E-D6-0A">
      <ModulePath>C:\Users\master\AppData\Local\Temp\72af6e8c-6124-45aa-ba1a-c5f8a1c2955a\72af6e8c-6124-45aa-ba1a-c5f8a1c2955a\assembly\dl3\255534af\00318f19_e308d401\Castle.Core.dll</ModulePath>
      <ModuleTime>2018-11-18T23:14:04.1187035Z</ModuleTime>
      <ModuleName>Castle.Core</ModuleName>
      <Classes />
    </Module>
    <Module skippedDueTo="Filter" hash="2A-F4-1C-14-5D-7A-74-B3-03-8B-1D-2A-59-DC-B6-BE-1D-C8-EF-54">
      <ModulePath>C:\WINDOWS\Microsoft.Net\assembly\GAC_MSIL\System.Configuration\v4.0_4.0.0.0__b03f5f7f11d50a3a\System.Configuration.dll</ModulePath>
      <ModuleTime>2018-04-11T23:35:16.9508953Z</ModuleTime>
      <ModuleName>System.Configuration</ModuleName>
      <Classes />
    </Module>
    <Module skippedDueTo="MissingPdb" hash="">
      <ModulePath>RefEmit_InMemoryManifestModule</ModulePath>
      <ModuleTime>0001-01-01T00:00:00</ModuleTime>
      <ModuleName>Anonymously Hosted DynamicMethods Assembly</ModuleName>
      <Classes />
    </Module>
    <Module skippedDueTo="MissingPdb" hash="">
      <ModulePath>RefEmit_InMemoryManifestModule</ModulePath>
      <ModuleTime>0001-01-01T00:00:00</ModuleTime>
      <ModuleName>DynamicProxyGenAssembly2</ModuleName>
      <Classes />
    </Module>
    <Module skippedDueTo="MissingPdb" hash="15-D1-AD-96-3A-13-B6-C8-AE-28-C2-6E-7D-C1-CC-3D-A2-BC-3B-B8">
      <ModulePath>C:\Users\master\AppData\Local\Temp\72af6e8c-6124-45aa-ba1a-c5f8a1c2955a\72af6e8c-6124-45aa-ba1a-c5f8a1c2955a\assembly\dl3\fb4edcd1\00078176_5aead301\Colorful.Console.dll</ModulePath>
      <ModuleTime>2018-11-18T23:14:04.6030061Z</ModuleTime>
      <ModuleName>Colorful.Console</ModuleName>
      <Classes />
    </Module>
    <Module skippedDueTo="MissingPdb" hash="47-6D-62-B8-35-D5-03-06-7D-C9-55-33-40-84-6A-5D-9E-47-10-4B">
      <ModulePath>C:\WINDOWS\Microsoft.Net\assembly\GAC_MSIL\Microsoft.CSharp\v4.0_4.0.0.0__b03f5f7f11d50a3a\Microsoft.CSharp.dll</ModulePath>
      <ModuleTime>2018-04-11T23:35:19.5760921Z</ModuleTime>
      <ModuleName>Microsoft.CSharp</ModuleName>
      <Classes />
    </Module>
    <Module skippedDueTo="Filter" hash="34-FE-BD-DD-79-B4-81-0A-E7-B9-D5-E5-32-F9-A7-4F-97-95-47-A6">
      <ModulePath>C:\WINDOWS\Microsoft.Net\assembly\GAC_MSIL\System.Dynamic\v4.0_4.0.0.0__b03f5f7f11d50a3a\System.Dynamic.dll</ModulePath>
      <ModuleTime>2018-04-11T23:35:15.7008013Z</ModuleTime>
      <ModuleName>System.Dynamic</ModuleName>
      <Classes />
    </Module>
  </Modules>
</CoverageSession>